#
# A fatal error has been detected by the Java Runtime Environment:
#
#  EXCEPTION_ACCESS_VIOLATION (0xc0000005) at pc=0x00007ffd08232a8f, pid=21576, tid=18736
#
# JRE version: OpenJDK Runtime Environment Temurin-11.0.12+7 (11.0.12+7) (build 11.0.12+7)
# Java VM: OpenJDK 64-Bit Server VM Temurin-11.0.12+7 (11.0.12+7, mixed mode, tiered, compressed oops, parallel gc, windows-amd64)
# Problematic frame:
# V  [jvm.dll+0x372a8f]
#
# No core dump will be written. Minidumps are not enabled by default on client versions of Windows
#
# If you would like to submit a bug report, please visit:
#   https://github.com/adoptium/adoptium-support/issues
#

---------------  S U M M A R Y ------------

Command Line: --add-modules=ALL-SYSTEM --add-opens=java.base/java.util=ALL-UNNAMED --add-opens=java.base/java.lang=ALL-UNNAMED -Declipse.application=org.eclipse.jdt.ls.core.id1 -Dosgi.bundles.defaultStartLevel=4 -Declipse.product=org.eclipse.jdt.ls.core.product -Dfile.encoding=utf8 -DwatchParentProcess=false -XX:+UseParallelGC -XX:GCTimeRatio=4 -XX:AdaptiveSizePolicyWeight=90 -Dsun.zip.disableMemoryMapping=true -Xmx1G -Xms100m -javaagent:c:\Users\mooseong\.vscode\extensions\gabrielbb.vscode-lombok-1.0.1\server\lombok.jar -Xverify:none c:\Users\mooseong\.vscode\extensions\redhat.java-1.0.0\server\plugins\org.eclipse.equinox.launcher_1.6.400.v20210924-0641.jar -configuration c:\Users\mooseong\AppData\Roaming\Code\User\globalStorage\redhat.java\1.0.0\config_ss_win -data c:\Users\mooseong\AppData\Roaming\Code\User\workspaceStorage\c0996810a8ba770114468f27bc398e51\redhat.java\ss_ws

Host: Intel(R) Core(TM) i7-8700K CPU @ 3.70GHz, 12 cores, 15G,  Windows 10 , 64 bit Build 19041 (10.0.19041.1202)
Time: Mon Oct 25 15:35:02 2021 대한민국 표준시 elapsed time: 3.426100 seconds (0d 0h 0m 3s)

---------------  T H R E A D  ---------------

Current thread (0x0000019178a3b000):  JavaThread "pool-1-thread-1" [_thread_in_vm, id=18736, stack(0x0000005793100000,0x0000005793200000)]

Stack: [0x0000005793100000,0x0000005793200000],  sp=0x00000057931fd4a0,  free space=1013k
Native frames: (J=compiled Java code, j=interpreted, Vv=VM code, C=native code)
V  [jvm.dll+0x372a8f]
C  0x000001910000dd6d

Java frames: (J=compiled Java code, j=interpreted, Vv=VM code)
j  org.eclipse.jdt.internal.compiler.parser.Scanner.getNextToken0()I+93
j  org.eclipse.jdt.internal.compiler.parser.Scanner.getNextToken()I+47
j  org.eclipse.jdt.internal.compiler.parser.Parser.fetchNextToken()I+4
j  org.eclipse.jdt.internal.compiler.parser.Parser.parse()V+329
j  org.eclipse.jdt.internal.compiler.parser.Parser.parse(Lorg/eclipse/jdt/internal/compiler/env/ICompilationUnit;Lorg/eclipse/jdt/internal/compiler/CompilationResult;II)Lorg/eclipse/jdt/internal/compiler/ast/CompilationUnitDeclaration;+178
j  org.eclipse.jdt.internal.compiler.parser.Parser.parse(Lorg/eclipse/jdt/internal/compiler/env/ICompilationUnit;Lorg/eclipse/jdt/internal/compiler/CompilationResult;)Lorg/eclipse/jdt/internal/compiler/ast/CompilationUnitDeclaration;+5
j  org.eclipse.jdt.internal.compiler.SourceElementParser.parseCompilationUnit(Lorg/eclipse/jdt/internal/compiler/env/ICompilationUnit;ZLorg/eclipse/core/runtime/IProgressMonitor;)Lorg/eclipse/jdt/internal/compiler/ast/CompilationUnitDeclaration;+53
j  org.eclipse.jdt.internal.core.CompilationUnit.buildStructure(Lorg/eclipse/jdt/internal/core/OpenableElementInfo;Lorg/eclipse/core/runtime/IProgressMonitor;Ljava/util/Map;Lorg/eclipse/core/resources/IResource;)Z+523
J 3181 c1 org.eclipse.jdt.internal.core.Openable.generateInfos(Ljava/lang/Object;Ljava/util/HashMap;Lorg/eclipse/core/runtime/IProgressMonitor;)V (281 bytes) @ 0x0000019100c01534 [0x0000019100c00f80+0x00000000000005b4]
J 3183 c1 org.eclipse.jdt.internal.core.JavaElement.openWhenClosed(Ljava/lang/Object;ZLorg/eclipse/core/runtime/IProgressMonitor;)Ljava/lang/Object; (169 bytes) @ 0x0000019100c0cb14 [0x0000019100c0c940+0x00000000000001d4]
j  org.eclipse.jdt.internal.core.BecomeWorkingCopyOperation.executeOperation()V+29
j  org.eclipse.jdt.internal.core.JavaModelOperation.run(Lorg/eclipse/core/runtime/IProgressMonitor;)V+55
j  org.eclipse.jdt.internal.core.JavaModelOperation.runOperation(Lorg/eclipse/core/runtime/IProgressMonitor;)V+32
j  org.eclipse.jdt.internal.core.CompilationUnit.becomeWorkingCopy(Lorg/eclipse/jdt/core/IProblemRequestor;Lorg/eclipse/core/runtime/IProgressMonitor;)V+37
j  org.eclipse.jdt.internal.core.CompilationUnit.becomeWorkingCopy(Lorg/eclipse/core/runtime/IProgressMonitor;)V+23
j  org.eclipse.jdt.ls.core.internal.handlers.BaseDocumentLifeCycleHandler.handleOpen(Lorg/eclipse/lsp4j/DidOpenTextDocumentParams;)Lorg/eclipse/jdt/core/ICompilationUnit;+144
j  org.eclipse.jdt.ls.core.internal.handlers.BaseDocumentLifeCycleHandler$5.run(Lorg/eclipse/core/runtime/IProgressMonitor;)V+8
j  org.eclipse.core.internal.resources.Workspace.run(Lorg/eclipse/core/runtime/ICoreRunnable;Lorg/eclipse/core/runtime/jobs/ISchedulingRule;ILorg/eclipse/core/runtime/IProgressMonitor;)V+69
j  org.eclipse.core.internal.resources.Workspace.run(Lorg/eclipse/core/resources/IWorkspaceRunnable;Lorg/eclipse/core/runtime/jobs/ISchedulingRule;ILorg/eclipse/core/runtime/IProgressMonitor;)V+6
j  org.eclipse.jdt.ls.core.internal.handlers.BaseDocumentLifeCycleHandler.didOpen(Lorg/eclipse/lsp4j/DidOpenTextDocumentParams;)V+59
j  org.eclipse.jdt.ls.core.internal.syntaxserver.SyntaxLanguageServer.didOpen(Lorg/eclipse/lsp4j/DidOpenTextDocumentParams;)V+11
v  ~StubRoutines::call_stub
j  jdk.internal.reflect.NativeMethodAccessorImpl.invoke0(Ljava/lang/reflect/Method;Ljava/lang/Object;[Ljava/lang/Object;)Ljava/lang/Object;+0 java.base@11.0.12
j  jdk.internal.reflect.NativeMethodAccessorImpl.invoke(Ljava/lang/Object;[Ljava/lang/Object;)Ljava/lang/Object;+100 java.base@11.0.12
J 1135 c1 jdk.internal.reflect.DelegatingMethodAccessorImpl.invoke(Ljava/lang/Object;[Ljava/lang/Object;)Ljava/lang/Object; java.base@11.0.12 (10 bytes) @ 0x000001910077e93c [0x000001910077e840+0x00000000000000fc]
J 1134 c1 java.lang.reflect.Method.invoke(Ljava/lang/Object;[Ljava/lang/Object;)Ljava/lang/Object; java.base@11.0.12 (65 bytes) @ 0x000001910077e3cc [0x000001910077e0a0+0x000000000000032c]
j  org.eclipse.lsp4j.jsonrpc.services.GenericEndpoint.lambda$null$0(Lorg/eclipse/lsp4j/jsonrpc/services/AnnotationUtil$MethodInfo;Ljava/lang/Object;Ljava/lang/Object;)Ljava/util/concurrent/CompletableFuture;+20
j  org.eclipse.lsp4j.jsonrpc.services.GenericEndpoint$$Lambda$169.apply(Ljava/lang/Object;)Ljava/lang/Object;+13
j  org.eclipse.lsp4j.jsonrpc.services.GenericEndpoint.notify(Ljava/lang/String;Ljava/lang/Object;)V+18
j  org.eclipse.lsp4j.jsonrpc.RemoteEndpoint.handleNotification(Lorg/eclipse/lsp4j/jsonrpc/messages/NotificationMessage;)V+20
j  org.eclipse.lsp4j.jsonrpc.RemoteEndpoint.consume(Lorg/eclipse/lsp4j/jsonrpc/messages/Message;)V+14
j  org.eclipse.lsp4j.jsonrpc.json.StreamMessageProducer.handleMessage(Ljava/io/InputStream;Lorg/eclipse/lsp4j/jsonrpc/json/StreamMessageProducer$Headers;)Z+99
j  org.eclipse.lsp4j.jsonrpc.json.StreamMessageProducer.listen(Lorg/eclipse/lsp4j/jsonrpc/MessageConsumer;)V+158
j  org.eclipse.lsp4j.jsonrpc.json.ConcurrentMessageProcessor.run()V+12
j  java.util.concurrent.Executors$RunnableAdapter.call()Ljava/lang/Object;+4 java.base@11.0.12
j  java.util.concurrent.FutureTask.run()V+39 java.base@11.0.12
j  java.util.concurrent.ThreadPoolExecutor.runWorker(Ljava/util/concurrent/ThreadPoolExecutor$Worker;)V+92 java.base@11.0.12
j  java.util.concurrent.ThreadPoolExecutor$Worker.run()V+5 java.base@11.0.12
j  java.lang.Thread.run()V+11 java.base@11.0.12
v  ~StubRoutines::call_stub

siginfo: EXCEPTION_ACCESS_VIOLATION (0xc0000005), reading address 0x00000000ec4c79ec


Register to memory mapping:

RIP=0x00007ffd08232a8f jvm.dll
RAX=0x000000000000000c is an unknown value
RBX=0x00000000ec4c79e0 is an unallocated location in the heap
RCX=0x00000057931fd4e0 is pointing into the stack for thread: 0x0000019178a3b000
RDX=0x00007ffd08728e98 jvm.dll
RSP=0x00000057931fd4a0 is pointing into the stack for thread: 0x0000019178a3b000
RBP=0x000001917b2d5520 points into unknown readable memory: 0x0000000000000000 | 00 00 00 00 00 00 00 00
RSI=0x000001917b2a4170 points into unknown readable memory: 0x0000019100000002 | 02 00 00 00 91 01 00 00
RDI=0x0000019178a3b000 is a thread
R8 =0x0000000000000312 is an unknown value
R9 =0x0000000000000006 is an unknown value
R10=0x000001917b73b960 points into unknown readable memory: 0x0000003c00000005 | 05 00 00 00 3c 00 00 00
R11=0x00000057931fd490 is pointing into the stack for thread: 0x0000019178a3b000
R12=0x0000000000000312 is an unknown value
R13=0x00000000000003d8 is an unknown value
R14=0x000001917b2d5530 points into unknown readable memory: 0x000001917afd9a84 | 84 9a fd 7a 91 01 00 00
R15=0x000001917b2d5908 points into unknown readable memory: 0x88000100b4f9656b | 6b 65 f9 b4 00 01 00 88


Registers:
RAX=0x000000000000000c, RBX=0x00000000ec4c79e0, RCX=0x00000057931fd4e0, RDX=0x00007ffd08728e98
RSP=0x00000057931fd4a0, RBP=0x000001917b2d5520, RSI=0x000001917b2a4170, RDI=0x0000019178a3b000
R8 =0x0000000000000312, R9 =0x0000000000000006, R10=0x000001917b73b960, R11=0x00000057931fd490
R12=0x0000000000000312, R13=0x00000000000003d8, R14=0x000001917b2d5530, R15=0x000001917b2d5908
RIP=0x00007ffd08232a8f, EFLAGS=0x0000000000010202

Top of Stack: (sp=0x00000057931fd4a0)
0x00000057931fd4a0:   000001917e228c60 00000000ec4c79e0
0x00000057931fd4b0:   000000000000000d 0000019178a3b000
0x00000057931fd4c0:   000001917e391528 00007ffd08492bb0
0x00000057931fd4d0:   0000019178a3b000 0000019178a3b000
0x00000057931fd4e0:   00007ffd0879bdf0 0000005000000000
0x00000057931fd4f0:   0000000000000000 0000000000000000
0x00000057931fd500:   0000000000000000 0000000000000000
0x00000057931fd510:   0000000000000000 00000057931fd531
0x00000057931fd520:   0000000000000000 0000000000000030
0x00000057931fd530:   000001917e390000 0000019178a3b000
0x00000057931fd540:   000001917e391528 0000019178a3b000
0x00000057931fd550:   000001917f48e4f0 00007ffd08596485
0x00000057931fd560:   000000000000001d 0000000000000311
0x00000057931fd570:   0000c28c5f710460 00000057931fd578
0x00000057931fd580:   0000019178a3b000 00000057931fd6b0
0x00000057931fd590:   000001917e227c4d 0000000000000000 

Instructions: (pc=0x00007ffd08232a8f)
0x00007ffd0823298f:   00 00 00 75 1a 8b 83 d8 00 00 00 c1 e8 1d a8 01
0x00007ffd0823299f:   75 0d 8b 83 d8 00 00 00 c1 e8 02 a8 01 74 0a b2
0x00007ffd082329af:   01 48 8b cb e8 a8 7f 3d 00 48 8b 9c 24 80 00 00
0x00007ffd082329bf:   00 48 83 c4 40 41 5f 41 5e 5f 5e 5d c3 cc cc cc
0x00007ffd082329cf:   cc 4c 8b dc 57 48 81 ec 10 01 00 00 48 8b 05 26
0x00007ffd082329df:   e5 6d 00 48 33 c4 48 89 84 24 d0 00 00 00 49 89
0x00007ffd082329ef:   5b 20 48 8b f9 49 89 73 e8 48 8b da 4d 89 63 e0
0x00007ffd082329ff:   ba 03 00 00 00 45 8b e0 48 89 4c 24 30 4c 8b c1
0x00007ffd08232a0f:   c7 81 c0 03 00 00 06 00 00 00 e8 42 da ff ff 48
0x00007ffd08232a1f:   83 7f 08 00 0f 85 ed 00 00 00 48 8b b7 78 02 00
0x00007ffd08232a2f:   00 48 8d 4c 24 40 48 89 ac 24 08 01 00 00 33 d2
0x00007ffd08232a3f:   4c 89 ac 24 f0 00 00 00 4c 89 b4 24 e8 00 00 00
0x00007ffd08232a4f:   48 8b 6e 10 4c 8b 76 18 4c 8b 6e 28 4c 89 bc 24
0x00007ffd08232a5f:   e0 00 00 00 4c 8b 7e 20 e8 b4 fc 28 00 80 3d ee
0x00007ffd08232a6f:   11 71 00 00 48 8d 15 1e 64 4f 00 b9 0c 00 00 00
0x00007ffd08232a7f:   b8 10 00 00 00 0f 45 c1 45 8b c4 48 8d 4c 24 40
0x00007ffd08232a8f:   44 8b 0c 18 e8 f8 13 29 00 48 8b 1d 81 86 74 00
0x00007ffd08232a9f:   48 8d 4c 24 40 e8 37 04 29 00 4c 8b cb 48 89 44
0x00007ffd08232aaf:   24 20 41 b8 bc 01 00 00 48 8d 15 d2 d1 52 00 48
0x00007ffd08232abf:   8b cf e8 3a 7d f5 ff 48 8d 4c 24 40 e8 a0 fd 28
0x00007ffd08232acf:   00 48 83 7d 00 00 74 13 49 8b d5 48 8b ce e8 0e
0x00007ffd08232adf:   ff d4 ff 48 8b cd e8 76 fe d4 ff 4c 8b ac 24 f0
0x00007ffd08232aef:   00 00 00 48 89 6e 10 48 8b ac 24 08 01 00 00 4c
0x00007ffd08232aff:   89 76 18 4c 8b b4 24 e8 00 00 00 4c 89 7e 20 4c
0x00007ffd08232b0f:   8b bc 24 e0 00 00 00 48 8b 9f f0 00 00 00 4c 8b
0x00007ffd08232b1f:   a4 24 f8 00 00 00 48 8b 43 10 48 8b 73 08 48 83
0x00007ffd08232b2f:   38 00 74 19 48 8b 53 28 48 8b ce e8 b1 fe d4 ff
0x00007ffd08232b3f:   48 8b 4b 10 e8 18 fe d4 ff 48 8b 43 10 48 89 46
0x00007ffd08232b4f:   10 48 8b 43 18 48 89 46 18 48 8b 43 20 48 8b 9c
0x00007ffd08232b5f:   24 38 01 00 00 48 89 46 20 83 bf 08 04 00 00 02
0x00007ffd08232b6f:   48 8b b4 24 00 01 00 00 75 08 48 8b cf e8 9f 72
0x00007ffd08232b7f:   3d 00 ba 06 00 00 00 48 8d 4c 24 30 44 8d 42 02 


Stack slot to memory mapping:
stack at sp + 0 slots: {method} {0x000001917e228c68} 'getNextToken0' '()I' in 'org/eclipse/jdt/internal/compiler/parser/Scanner'
stack at sp + 1 slots: 0x00000000ec4c79e0 is an unallocated location in the heap
stack at sp + 2 slots: 0x000000000000000d is an unknown value
stack at sp + 3 slots: 0x0000019178a3b000 is a thread
stack at sp + 4 slots: {method} {0x000001917e391530} 'consumeInterfaceMemberDeclarationsopt' '()V' in 'org/eclipse/jdt/internal/compiler/parser/Parser'
stack at sp + 5 slots: 0x00007ffd08492bb0 jvm.dll
stack at sp + 6 slots: 0x0000019178a3b000 is a thread
stack at sp + 7 slots: 0x0000019178a3b000 is a thread


---------------  P R O C E S S  ---------------

Threads class SMR info:
_java_thread_list=0x000001917b73b3f0, length=22, elements={
0x000001916c83e000, 0x000001916c91e800, 0x0000019177944000, 0x0000019177956000,
0x0000019178a31800, 0x0000019178a32800, 0x0000019177958000, 0x0000019178a41000,
0x000001917795e800, 0x0000019178ba5000, 0x000001917ada9800, 0x000001917aded000,
0x000001917ad8b000, 0x000001917aa35800, 0x000001917aba0800, 0x000001917ab56800,
0x000001917af7f800, 0x000001917ad88800, 0x0000019178a3e800, 0x0000019178a3f800,
0x0000019178a40000, 0x0000019178a3b000
}

Java Threads: ( => current thread )
  0x000001916c83e000 JavaThread "main" [_thread_blocked, id=10364, stack(0x0000005791000000,0x0000005791100000)]
  0x000001916c91e800 JavaThread "Reference Handler" daemon [_thread_blocked, id=27416, stack(0x0000005791300000,0x0000005791400000)]
  0x0000019177944000 JavaThread "Finalizer" daemon [_thread_blocked, id=12072, stack(0x0000005791400000,0x0000005791500000)]
  0x0000019177956000 JavaThread "Signal Dispatcher" daemon [_thread_blocked, id=25672, stack(0x0000005791500000,0x0000005791600000)]
  0x0000019178a31800 JavaThread "Attach Listener" daemon [_thread_blocked, id=18140, stack(0x0000005791600000,0x0000005791700000)]
  0x0000019178a32800 JavaThread "Service Thread" daemon [_thread_blocked, id=25380, stack(0x0000005791700000,0x0000005791800000)]
  0x0000019177958000 JavaThread "C2 CompilerThread0" daemon [_thread_blocked, id=24072, stack(0x0000005791800000,0x0000005791900000)]
  0x0000019178a41000 JavaThread "C1 CompilerThread0" daemon [_thread_blocked, id=25948, stack(0x0000005791900000,0x0000005791a00000)]
  0x000001917795e800 JavaThread "Sweeper thread" daemon [_thread_blocked, id=17508, stack(0x0000005791a00000,0x0000005791b00000)]
  0x0000019178ba5000 JavaThread "Common-Cleaner" daemon [_thread_blocked, id=9180, stack(0x0000005791b00000,0x0000005791c00000)]
  0x000001917ada9800 JavaThread "Active Thread: Equinox Container: ddd849ed-6654-4c45-a43a-43a37c6743a8" [_thread_blocked, id=25724, stack(0x0000005791e00000,0x0000005791f00000)]
  0x000001917aded000 JavaThread "Framework Event Dispatcher: Equinox Container: ddd849ed-6654-4c45-a43a-43a37c6743a8" daemon [_thread_blocked, id=13544, stack(0x0000005792000000,0x0000005792100000)]
  0x000001917ad8b000 JavaThread "Start Level: Equinox Container: ddd849ed-6654-4c45-a43a-43a37c6743a8" daemon [_thread_blocked, id=12868, stack(0x0000005792100000,0x0000005792200000)]
  0x000001917aa35800 JavaThread "SCR Component Actor" daemon [_thread_blocked, id=24916, stack(0x0000005792400000,0x0000005792500000)]
  0x000001917aba0800 JavaThread "Timer-0" daemon [_thread_blocked, id=18412, stack(0x0000005792500000,0x0000005792600000)]
  0x000001917ab56800 JavaThread "Worker-JM" [_thread_blocked, id=27504, stack(0x0000005792600000,0x0000005792700000)]
  0x000001917af7f800 JavaThread "Worker-0" [_thread_blocked, id=25732, stack(0x0000005792900000,0x0000005792a00000)]
  0x000001917ad88800 JavaThread "Worker-1" [_thread_blocked, id=26192, stack(0x0000005792a00000,0x0000005792b00000)]
  0x0000019178a3e800 JavaThread "Worker-2" [_thread_blocked, id=22640, stack(0x0000005793000000,0x0000005793100000)]
  0x0000019178a3f800 JavaThread "C2 CompilerThread1" daemon [_thread_blocked, id=18436, stack(0x0000005791c00000,0x0000005791d00000)]
  0x0000019178a40000 JavaThread "C2 CompilerThread2" daemon [_thread_blocked, id=10384, stack(0x0000005792f00000,0x0000005793000000)]
=>0x0000019178a3b000 JavaThread "pool-1-thread-1" [_thread_in_vm, id=18736, stack(0x0000005793100000,0x0000005793200000)]

Other Threads:
  0x00000191789e4000 VMThread "VM Thread" [stack: 0x0000005791200000,0x0000005791300000] [id=18856]
  0x000001917a0a8800 WatcherThread [stack: 0x0000005791d00000,0x0000005791e00000] [id=12264]
  0x000001916c857000 GCTaskThread "ParGC Thread#0" [stack: 0x0000005791100000,0x0000005791200000] [id=8336]
  0x000001917a3da000 GCTaskThread "ParGC Thread#1" [stack: 0x0000005791f00000,0x0000005792000000] [id=26856]
  0x000001917aa34000 GCTaskThread "ParGC Thread#2" [stack: 0x0000005792200000,0x0000005792300000] [id=23792]
  0x000001917aa34800 GCTaskThread "ParGC Thread#3" [stack: 0x0000005792300000,0x0000005792400000] [id=27440]
  0x000001917af80800 GCTaskThread "ParGC Thread#4" [stack: 0x0000005792700000,0x0000005792800000] [id=17056]
  0x000001917ab71800 GCTaskThread "ParGC Thread#5" [stack: 0x0000005792800000,0x0000005792900000] [id=12532]
  0x000001917af58000 GCTaskThread "ParGC Thread#6" [stack: 0x0000005792b00000,0x0000005792c00000] [id=17632]
  0x000001917b364800 GCTaskThread "ParGC Thread#7" [stack: 0x0000005792c00000,0x0000005792d00000] [id=24492]
  0x000001917b2f3800 GCTaskThread "ParGC Thread#8" [stack: 0x0000005792d00000,0x0000005792e00000] [id=18960]
  0x000001917b2a3000 GCTaskThread "ParGC Thread#9" [stack: 0x0000005792e00000,0x0000005792f00000] [id=11300]

Threads with active compile tasks:
C2 CompilerThread0   3488 3330       4       org.objectweb.asm.SymbolTable::addConstantUtf8 (98 bytes)
C1 CompilerThread0   3488 3366       3       java.net.URLStreamHandler::parseURL (1201 bytes)
C2 CompilerThread1   3488 3142       4       org.eclipse.jdt.internal.core.JarPackageFragmentRoot::initRawPackageInfo (349 bytes)
C2 CompilerThread2   3488 3315       4       org.objectweb.asm.ByteVector::putShort (52 bytes)

VM state:synchronizing (normal execution)

VM Mutex/Monitor currently owned by a thread:  ([mutex/lock_event])
[0x000001916c83abc0] Threads_lock - owner thread: 0x00000191789e4000

Heap address: 0x00000000c0000000, size: 1024 MB, Compressed Oops mode: 32-bit
Narrow klass base: 0x0000000000000000, Narrow klass shift: 3
Compressed class space size: 1073741824 Address: 0x0000000100000000

Heap:
 PSYoungGen      total 24064K, used 16K [0x00000000eab00000, 0x00000000ec480000, 0x0000000100000000)
  eden space 22016K, 0% used [0x00000000eab00000,0x00000000eab04210,0x00000000ec080000)
  from space 2048K, 0% used [0x00000000ec100000,0x00000000ec100000,0x00000000ec300000)
  to   space 512K, 0% used [0x00000000ec400000,0x00000000ec400000,0x00000000ec480000)
 ParOldGen       total 68608K, used 24761K [0x00000000c0000000, 0x00000000c4300000, 0x00000000eab00000)
  object space 68608K, 36% used [0x00000000c0000000,0x00000000c182e7f8,0x00000000c4300000)
 Metaspace       used 33349K, capacity 35312K, committed 35672K, reserved 1081344K
  class space    used 3176K, capacity 3882K, committed 3968K, reserved 1048576K

Card table byte_map: [0x000001916c200000,0x000001916c410000] _byte_map_base: 0x000001916bc00000

Marking Bits: (ParMarkBitMap*) 0x00007ffd0895bcf0
 Begin Bits: [0x0000019174f60000, 0x0000019175f60000)
 End Bits:   [0x0000019175f60000, 0x0000019176f60000)

Polling page: 0x000001916a7c0000

Metaspace:

Usage:
  Non-class:     30.69 MB capacity,    29.47 MB ( 96%) used,     1.16 MB (  4%) free+waste,    72.50 KB ( <1%) overhead. 
      Class:      3.79 MB capacity,     3.10 MB ( 82%) used,   670.63 KB ( 17%) free+waste,    34.94 KB ( <1%) overhead. 
       Both:     34.48 MB capacity,    32.57 MB ( 94%) used,     1.81 MB (  5%) free+waste,   107.44 KB ( <1%) overhead. 

Virtual space:
  Non-class space:       32.00 MB reserved,      30.96 MB ( 97%) committed 
      Class space:        1.00 GB reserved,       3.88 MB ( <1%) committed 
             Both:        1.03 GB reserved,      34.84 MB (  3%) committed 

Chunk freelists:
   Non-Class:  58.00 KB
       Class:  22.00 KB
        Both:  80.00 KB

MaxMetaspaceSize: 17179869184.00 GB
CompressedClassSpaceSize: 1.00 GB
Initial GC threshold: 20.80 MB
Current GC threshold: 57.64 MB
CDS: off

CodeHeap 'non-profiled nmethods': size=120000Kb used=1573Kb max_used=1573Kb free=118426Kb
 bounds [0x0000019107ad0000, 0x0000019107d40000, 0x000001910f000000]
CodeHeap 'profiled nmethods': size=120000Kb used=7073Kb max_used=7073Kb free=112926Kb
 bounds [0x00000191005a0000, 0x0000019100c90000, 0x0000019107ad0000]
CodeHeap 'non-nmethods': size=5760Kb used=1281Kb max_used=1311Kb free=4478Kb
 bounds [0x0000019100000000, 0x0000019100270000, 0x00000191005a0000]
 total_blobs=3875 nmethods=3327 adapters=459
 compilation: enabled
              stopped_count=0, restarted_count=0
 full_count=0

Compilation events (20 events):
Event: 3.239 Thread 0x0000019178a41000 nmethod 3359 0x0000019100c74790 code [0x0000019100c74960, 0x0000019100c74b68]
Event: 3.239 Thread 0x0000019178a41000 3357       3       org.objectweb.asm.ClassReader::createLabel (21 bytes)
Event: 3.239 Thread 0x0000019178a41000 nmethod 3357 0x0000019100c74c90 code [0x0000019100c74e60, 0x0000019100c75298]
Event: 3.239 Thread 0x0000019178a41000 3360       3       java.lang.String::split (7 bytes)
Event: 3.239 Thread 0x0000019178a41000 nmethod 3360 0x0000019100c75490 code [0x0000019100c75640, 0x0000019100c75768]
Event: 3.246 Thread 0x0000019178a41000 3362       3       org.objectweb.asm.SymbolTable::put (150 bytes)
Event: 3.246 Thread 0x0000019178a41000 nmethod 3362 0x0000019100c75810 code [0x0000019100c75a00, 0x0000019100c760f8]
Event: 3.246 Thread 0x0000019178a41000 3363       3       java.util.regex.Pattern$BranchConn::match (11 bytes)
Event: 3.247 Thread 0x0000019178a41000 nmethod 3363 0x0000019100c76410 code [0x0000019100c765c0, 0x0000019100c76788]
Event: 3.247 Thread 0x0000019178a41000 3364   !   3       java.util.regex.Pattern::matcher (44 bytes)
Event: 3.247 Thread 0x0000019178a41000 nmethod 3364 0x0000019100c76890 code [0x0000019100c76a60, 0x0000019100c76e78]
Event: 3.247 Thread 0x0000019178a41000 3365       3       java.util.regex.Matcher::match (154 bytes)
Event: 3.248 Thread 0x0000019178a41000 nmethod 3365 0x0000019100c76f90 code [0x0000019100c771a0, 0x0000019100c77908]
Event: 3.248 Thread 0x0000019178a41000 3366       3       java.net.URLStreamHandler::parseURL (1201 bytes)
Event: 3.265 Thread 0x0000019177958000 nmethod 3264 0x0000019107c4ea10 code [0x0000019107c4ece0, 0x0000019107c513e8]
Event: 3.266 Thread 0x0000019177958000 3330       4       org.objectweb.asm.SymbolTable::addConstantUtf8 (98 bytes)
Event: 3.269 Thread 0x0000019178a40000 nmethod 3246% 0x0000019107c52a90 code [0x0000019107c52f20, 0x0000019107c56ec0]
Event: 3.269 Thread 0x0000019178a40000 3281       4       org.objectweb.asm.ClassReader::readInt (52 bytes)
Event: 3.270 Thread 0x0000019178a40000 nmethod 3281 0x0000019107c59390 code [0x0000019107c59520, 0x0000019107c59618]
Event: 3.270 Thread 0x0000019178a40000 3315       4       org.objectweb.asm.ByteVector::putShort (52 bytes)

GC Heap History (20 events):
Event: 2.703 GC heap before
{Heap before GC invocations=8 (full 1):
 PSYoungGen      total 26624K, used 26623K [0x00000000eab00000, 0x00000000eca00000, 0x0000000100000000)
  eden space 24064K, 100% used [0x00000000eab00000,0x00000000ec280000,0x00000000ec280000)
  from space 2560K, 99% used [0x00000000ec600000,0x00000000ec87fd38,0x00000000ec880000)
  to   space 3584K, 0% used [0x00000000ec280000,0x00000000ec280000,0x00000000ec600000)
 ParOldGen       total 68608K, used 6499K [0x00000000c0000000, 0x00000000c4300000, 0x00000000eab00000)
  object space 68608K, 9% used [0x00000000c0000000,0x00000000c0658f98,0x00000000c4300000)
 Metaspace       used 30622K, capacity 32502K, committed 32640K, reserved 1079296K
  class space    used 2947K, capacity 3671K, committed 3712K, reserved 1048576K
}
Event: 2.714 GC heap after
{Heap after GC invocations=8 (full 1):
 PSYoungGen      total 27136K, used 3580K [0x00000000eab00000, 0x00000000ecb00000, 0x0000000100000000)
  eden space 23552K, 0% used [0x00000000eab00000,0x00000000eab00000,0x00000000ec200000)
  from space 3584K, 99% used [0x00000000ec280000,0x00000000ec5ff198,0x00000000ec600000)
  to   space 4608K, 0% used [0x00000000ec680000,0x00000000ec680000,0x00000000ecb00000)
 ParOldGen       total 68608K, used 7063K [0x00000000c0000000, 0x00000000c4300000, 0x00000000eab00000)
  object space 68608K, 10% used [0x00000000c0000000,0x00000000c06e5c40,0x00000000c4300000)
 Metaspace       used 30622K, capacity 32502K, committed 32640K, reserved 1079296K
  class space    used 2947K, capacity 3671K, committed 3712K, reserved 1048576K
}
Event: 2.836 GC heap before
{Heap before GC invocations=9 (full 1):
 PSYoungGen      total 27136K, used 27132K [0x00000000eab00000, 0x00000000ecb00000, 0x0000000100000000)
  eden space 23552K, 100% used [0x00000000eab00000,0x00000000ec200000,0x00000000ec200000)
  from space 3584K, 99% used [0x00000000ec280000,0x00000000ec5ff198,0x00000000ec600000)
  to   space 4608K, 0% used [0x00000000ec680000,0x00000000ec680000,0x00000000ecb00000)
 ParOldGen       total 68608K, used 7063K [0x00000000c0000000, 0x00000000c4300000, 0x00000000eab00000)
  object space 68608K, 10% used [0x00000000c0000000,0x00000000c06e5c40,0x00000000c4300000)
 Metaspace       used 31111K, capacity 33012K, committed 33280K, reserved 1079296K
  class space    used 3010K, capacity 3713K, committed 3840K, reserved 1048576K
}
Event: 2.847 GC heap after
{Heap after GC invocations=9 (full 1):
 PSYoungGen      total 26624K, used 4591K [0x00000000eab00000, 0x00000000ecd80000, 0x0000000100000000)
  eden space 22016K, 0% used [0x00000000eab00000,0x00000000eab00000,0x00000000ec080000)
  from space 4608K, 99% used [0x00000000ec680000,0x00000000ecafbc18,0x00000000ecb00000)
  to   space 6144K, 0% used [0x00000000ec080000,0x00000000ec080000,0x00000000ec680000)
 ParOldGen       total 68608K, used 8159K [0x00000000c0000000, 0x00000000c4300000, 0x00000000eab00000)
  object space 68608K, 11% used [0x00000000c0000000,0x00000000c07f7c40,0x00000000c4300000)
 Metaspace       used 31111K, capacity 33012K, committed 33280K, reserved 1079296K
  class space    used 3010K, capacity 3713K, committed 3840K, reserved 1048576K
}
Event: 2.902 GC heap before
{Heap before GC invocations=10 (full 1):
 PSYoungGen      total 26624K, used 26607K [0x00000000eab00000, 0x00000000ecd80000, 0x0000000100000000)
  eden space 22016K, 100% used [0x00000000eab00000,0x00000000ec080000,0x00000000ec080000)
  from space 4608K, 99% used [0x00000000ec680000,0x00000000ecafbc18,0x00000000ecb00000)
  to   space 6144K, 0% used [0x00000000ec080000,0x00000000ec080000,0x00000000ec680000)
 ParOldGen       total 68608K, used 8159K [0x00000000c0000000, 0x00000000c4300000, 0x00000000eab00000)
  object space 68608K, 11% used [0x00000000c0000000,0x00000000c07f7c40,0x00000000c4300000)
 Metaspace       used 31138K, capacity 33012K, committed 33280K, reserved 1079296K
  class space    used 3010K, capacity 3713K, committed 3840K, reserved 1048576K
}
Event: 2.906 GC heap after
{Heap after GC invocations=10 (full 1):
 PSYoungGen      total 26624K, used 4542K [0x00000000eab00000, 0x00000000eca80000, 0x0000000100000000)
  eden space 22016K, 0% used [0x00000000eab00000,0x00000000eab00000,0x00000000ec080000)
  from space 4608K, 98% used [0x00000000ec080000,0x00000000ec4efbd0,0x00000000ec500000)
  to   space 5120K, 0% used [0x00000000ec580000,0x00000000ec580000,0x00000000eca80000)
 ParOldGen       total 68608K, used 10210K [0x00000000c0000000, 0x00000000c4300000, 0x00000000eab00000)
  object space 68608K, 14% used [0x00000000c0000000,0x00000000c09f8b08,0x00000000c4300000)
 Metaspace       used 31138K, capacity 33012K, committed 33280K, reserved 1079296K
  class space    used 3010K, capacity 3713K, committed 3840K, reserved 1048576K
}
Event: 2.965 GC heap before
{Heap before GC invocations=11 (full 1):
 PSYoungGen      total 26624K, used 26558K [0x00000000eab00000, 0x00000000eca80000, 0x0000000100000000)
  eden space 22016K, 100% used [0x00000000eab00000,0x00000000ec080000,0x00000000ec080000)
  from space 4608K, 98% used [0x00000000ec080000,0x00000000ec4efbd0,0x00000000ec500000)
  to   space 5120K, 0% used [0x00000000ec580000,0x00000000ec580000,0x00000000eca80000)
 ParOldGen       total 68608K, used 10210K [0x00000000c0000000, 0x00000000c4300000, 0x00000000eab00000)
  object space 68608K, 14% used [0x00000000c0000000,0x00000000c09f8b08,0x00000000c4300000)
 Metaspace       used 31328K, capacity 33268K, committed 33536K, reserved 1079296K
  class space    used 3023K, capacity 3713K, committed 3840K, reserved 1048576K
}
Event: 2.970 GC heap after
{Heap after GC invocations=11 (full 1):
 PSYoungGen      total 27136K, used 4544K [0x00000000eab00000, 0x00000000eca80000, 0x0000000100000000)
  eden space 22016K, 0% used [0x00000000eab00000,0x00000000eab00000,0x00000000ec080000)
  from space 5120K, 88% used [0x00000000ec580000,0x00000000ec9f0020,0x00000000eca80000)
  to   space 5120K, 0% used [0x00000000ec080000,0x00000000ec080000,0x00000000ec580000)
 ParOldGen       total 68608K, used 12703K [0x00000000c0000000, 0x00000000c4300000, 0x00000000eab00000)
  object space 68608K, 18% used [0x00000000c0000000,0x00000000c0c67fc0,0x00000000c4300000)
 Metaspace       used 31328K, capacity 33268K, committed 33536K, reserved 1079296K
  class space    used 3023K, capacity 3713K, committed 3840K, reserved 1048576K
}
Event: 2.997 GC heap before
{Heap before GC invocations=12 (full 1):
 PSYoungGen      total 27136K, used 26560K [0x00000000eab00000, 0x00000000eca80000, 0x0000000100000000)
  eden space 22016K, 100% used [0x00000000eab00000,0x00000000ec080000,0x00000000ec080000)
  from space 5120K, 88% used [0x00000000ec580000,0x00000000ec9f0020,0x00000000eca80000)
  to   space 5120K, 0% used [0x00000000ec080000,0x00000000ec080000,0x00000000ec580000)
 ParOldGen       total 68608K, used 12703K [0x00000000c0000000, 0x00000000c4300000, 0x00000000eab00000)
  object space 68608K, 18% used [0x00000000c0000000,0x00000000c0c67fc0,0x00000000c4300000)
 Metaspace       used 31328K, capacity 33268K, committed 33536K, reserved 1079296K
  class space    used 3023K, capacity 3713K, committed 3840K, reserved 1048576K
}
Event: 3.001 GC heap after
{Heap after GC invocations=12 (full 1):
 PSYoungGen      total 24576K, used 2208K [0x00000000eab00000, 0x00000000ec780000, 0x0000000100000000)
  eden space 22016K, 0% used [0x00000000eab00000,0x00000000eab00000,0x00000000ec080000)
  from space 2560K, 86% used [0x00000000ec080000,0x00000000ec2a8000,0x00000000ec300000)
  to   space 3584K, 0% used [0x00000000ec400000,0x00000000ec400000,0x00000000ec780000)
 ParOldGen       total 68608K, used 17174K [0x00000000c0000000, 0x00000000c4300000, 0x00000000eab00000)
  object space 68608K, 25% used [0x00000000c0000000,0x00000000c10c58c0,0x00000000c4300000)
 Metaspace       used 31328K, capacity 33268K, committed 33536K, reserved 1079296K
  class space    used 3023K, capacity 3713K, committed 3840K, reserved 1048576K
}
Event: 3.032 GC heap before
{Heap before GC invocations=13 (full 1):
 PSYoungGen      total 24576K, used 24224K [0x00000000eab00000, 0x00000000ec780000, 0x0000000100000000)
  eden space 22016K, 100% used [0x00000000eab00000,0x00000000ec080000,0x00000000ec080000)
  from space 2560K, 86% used [0x00000000ec080000,0x00000000ec2a8000,0x00000000ec300000)
  to   space 3584K, 0% used [0x00000000ec400000,0x00000000ec400000,0x00000000ec780000)
 ParOldGen       total 68608K, used 17174K [0x00000000c0000000, 0x00000000c4300000, 0x00000000eab00000)
  object space 68608K, 25% used [0x00000000c0000000,0x00000000c10c58c0,0x00000000c4300000)
 Metaspace       used 31328K, capacity 33268K, committed 33536K, reserved 1079296K
  class space    used 3023K, capacity 3713K, committed 3840K, reserved 1048576K
}
Event: 3.036 GC heap after
{Heap after GC invocations=13 (full 1):
 PSYoungGen      total 25088K, used 2592K [0x00000000eab00000, 0x00000000ec700000, 0x0000000100000000)
  eden space 22016K, 0% used [0x00000000eab00000,0x00000000eab00000,0x00000000ec080000)
  from space 3072K, 84% used [0x00000000ec400000,0x00000000ec688010,0x00000000ec700000)
  to   space 3072K, 0% used [0x00000000ec100000,0x00000000ec100000,0x00000000ec400000)
 ParOldGen       total 68608K, used 19310K [0x00000000c0000000, 0x00000000c4300000, 0x00000000eab00000)
  object space 68608K, 28% used [0x00000000c0000000,0x00000000c12db8c0,0x00000000c4300000)
 Metaspace       used 31328K, capacity 33268K, committed 33536K, reserved 1079296K
  class space    used 3023K, capacity 3713K, committed 3840K, reserved 1048576K
}
Event: 3.078 GC heap before
{Heap before GC invocations=14 (full 1):
 PSYoungGen      total 25088K, used 24608K [0x00000000eab00000, 0x00000000ec700000, 0x0000000100000000)
  eden space 22016K, 100% used [0x00000000eab00000,0x00000000ec080000,0x00000000ec080000)
  from space 3072K, 84% used [0x00000000ec400000,0x00000000ec688010,0x00000000ec700000)
  to   space 3072K, 0% used [0x00000000ec100000,0x00000000ec100000,0x00000000ec400000)
 ParOldGen       total 68608K, used 19310K [0x00000000c0000000, 0x00000000c4300000, 0x00000000eab00000)
  object space 68608K, 28% used [0x00000000c0000000,0x00000000c12db8c0,0x00000000c4300000)
 Metaspace       used 31398K, capacity 33309K, committed 33536K, reserved 1079296K
  class space    used 3031K, capacity 3748K, committed 3840K, reserved 1048576K
}
Event: 3.086 GC heap after
{Heap after GC invocations=14 (full 1):
 PSYoungGen      total 25088K, used 2816K [0x00000000eab00000, 0x00000000ec680000, 0x0000000100000000)
  eden space 22016K, 0% used [0x00000000eab00000,0x00000000eab00000,0x00000000ec080000)
  from space 3072K, 91% used [0x00000000ec100000,0x00000000ec3c0000,0x00000000ec400000)
  to   space 2560K, 0% used [0x00000000ec400000,0x00000000ec400000,0x00000000ec680000)
 ParOldGen       total 68608K, used 21814K [0x00000000c0000000, 0x00000000c4300000, 0x00000000eab00000)
  object space 68608K, 31% used [0x00000000c0000000,0x00000000c154d8d0,0x00000000c4300000)
 Metaspace       used 31398K, capacity 33309K, committed 33536K, reserved 1079296K
  class space    used 3031K, capacity 3748K, committed 3840K, reserved 1048576K
}
Event: 3.253 GC heap before
{Heap before GC invocations=15 (full 1):
 PSYoungGen      total 25088K, used 24831K [0x00000000eab00000, 0x00000000ec680000, 0x0000000100000000)
  eden space 22016K, 99% used [0x00000000eab00000,0x00000000ec07fc00,0x00000000ec080000)
  from space 3072K, 91% used [0x00000000ec100000,0x00000000ec3c0000,0x00000000ec400000)
  to   space 2560K, 0% used [0x00000000ec400000,0x00000000ec400000,0x00000000ec680000)
 ParOldGen       total 68608K, used 21814K [0x00000000c0000000, 0x00000000c4300000, 0x00000000eab00000)
  object space 68608K, 31% used [0x00000000c0000000,0x00000000c154d8d0,0x00000000c4300000)
 Metaspace       used 33153K, capacity 35120K, committed 35416K, reserved 1081344K
  class space    used 3158K, capacity 3882K, committed 3968K, reserved 1048576K
}
Event: 3.262 GC heap after
{Heap after GC invocations=15 (full 1):
 PSYoungGen      total 23040K, used 883K [0x00000000eab00000, 0x00000000ec500000, 0x0000000100000000)
  eden space 22016K, 0% used [0x00000000eab00000,0x00000000eab00000,0x00000000ec080000)
  from space 1024K, 86% used [0x00000000ec400000,0x00000000ec4dcf00,0x00000000ec500000)
  to   space 2048K, 0% used [0x00000000ec100000,0x00000000ec100000,0x00000000ec300000)
 ParOldGen       total 68608K, used 24566K [0x00000000c0000000, 0x00000000c4300000, 0x00000000eab00000)
  object space 68608K, 35% used [0x00000000c0000000,0x00000000c17fd8d0,0x00000000c4300000)
 Metaspace       used 33153K, capacity 35120K, committed 35416K, reserved 1081344K
  class space    used 3158K, capacity 3882K, committed 3968K, reserved 1048576K
}
Event: 3.272 GC heap before
{Heap before GC invocations=16 (full 1):
 PSYoungGen      total 23040K, used 1653K [0x00000000eab00000, 0x00000000ec500000, 0x0000000100000000)
  eden space 22016K, 3% used [0x00000000eab00000,0x00000000eabc0630,0x00000000ec080000)
  from space 1024K, 86% used [0x00000000ec400000,0x00000000ec4dcf00,0x00000000ec500000)
  to   space 2048K, 0% used [0x00000000ec100000,0x00000000ec100000,0x00000000ec300000)
 ParOldGen       total 68608K, used 24566K [0x00000000c0000000, 0x00000000c4300000, 0x00000000eab00000)
  object space 68608K, 35% used [0x00000000c0000000,0x00000000c17fd8d0,0x00000000c4300000)
 Metaspace       used 33330K, capacity 35248K, committed 35416K, reserved 1081344K
  class space    used 3176K, capacity 3882K, committed 3968K, reserved 1048576K
}
Event: 3.277 GC heap after
{Heap after GC invocations=16 (full 1):
 PSYoungGen      total 24064K, used 96K [0x00000000eab00000, 0x00000000ec480000, 0x0000000100000000)
  eden space 22016K, 0% used [0x00000000eab00000,0x00000000eab00000,0x00000000ec080000)
  from space 2048K, 4% used [0x00000000ec100000,0x00000000ec118000,0x00000000ec300000)
  to   space 512K, 0% used [0x00000000ec400000,0x00000000ec400000,0x00000000ec480000)
 ParOldGen       total 68608K, used 25420K [0x00000000c0000000, 0x00000000c4300000, 0x00000000eab00000)
  object space 68608K, 37% used [0x00000000c0000000,0x00000000c18d3300,0x00000000c4300000)
 Metaspace       used 33330K, capacity 35248K, committed 35416K, reserved 1081344K
  class space    used 3176K, capacity 3882K, committed 3968K, reserved 1048576K
}
Event: 3.277 GC heap before
{Heap before GC invocations=17 (full 2):
 PSYoungGen      total 24064K, used 96K [0x00000000eab00000, 0x00000000ec480000, 0x0000000100000000)
  eden space 22016K, 0% used [0x00000000eab00000,0x00000000eab00000,0x00000000ec080000)
  from space 2048K, 4% used [0x00000000ec100000,0x00000000ec118000,0x00000000ec300000)
  to   space 512K, 0% used [0x00000000ec400000,0x00000000ec400000,0x00000000ec480000)
 ParOldGen       total 68608K, used 25420K [0x00000000c0000000, 0x00000000c4300000, 0x00000000eab00000)
  object space 68608K, 37% used [0x00000000c0000000,0x00000000c18d3300,0x00000000c4300000)
 Metaspace       used 33330K, capacity 35248K, committed 35416K, reserved 1081344K
  class space    used 3176K, capacity 3882K, committed 3968K, reserved 1048576K
}
Event: 3.416 GC heap after
{Heap after GC invocations=17 (full 2):
 PSYoungGen      total 24064K, used 0K [0x00000000eab00000, 0x00000000ec480000, 0x0000000100000000)
  eden space 22016K, 0% used [0x00000000eab00000,0x00000000eab00000,0x00000000ec080000)
  from space 2048K, 0% used [0x00000000ec100000,0x00000000ec100000,0x00000000ec300000)
  to   space 512K, 0% used [0x00000000ec400000,0x00000000ec400000,0x00000000ec480000)
 ParOldGen       total 68608K, used 24761K [0x00000000c0000000, 0x00000000c4300000, 0x00000000eab00000)
  object space 68608K, 36% used [0x00000000c0000000,0x00000000c182e7f8,0x00000000c4300000)
 Metaspace       used 33330K, capacity 35248K, committed 35416K, reserved 1081344K
  class space    used 3176K, capacity 3882K, committed 3968K, reserved 1048576K
}

Deoptimization events (20 events):
Event: 3.141 Thread 0x0000019178a3b000 DEOPT PACKING pc=0x0000019100ae444e sp=0x00000057931fcf30
Event: 3.141 Thread 0x0000019178a3b000 DEOPT UNPACKING pc=0x000001910004a95e sp=0x00000057931fc410 mode 0
Event: 3.142 Thread 0x0000019178a3b000 DEOPT PACKING pc=0x0000019100ae444e sp=0x00000057931fcf30
Event: 3.142 Thread 0x0000019178a3b000 DEOPT UNPACKING pc=0x000001910004a95e sp=0x00000057931fc410 mode 0
Event: 3.143 Thread 0x0000019178a3b000 DEOPT PACKING pc=0x0000019100ae444e sp=0x00000057931fcf30
Event: 3.143 Thread 0x0000019178a3b000 DEOPT UNPACKING pc=0x000001910004a95e sp=0x00000057931fc410 mode 0
Event: 3.144 Thread 0x0000019178a3b000 DEOPT PACKING pc=0x0000019100ae444e sp=0x00000057931fcf30
Event: 3.144 Thread 0x0000019178a3b000 DEOPT UNPACKING pc=0x000001910004a95e sp=0x00000057931fc410 mode 0
Event: 3.144 Thread 0x0000019178a3b000 DEOPT PACKING pc=0x0000019100ae444e sp=0x00000057931fcf30
Event: 3.144 Thread 0x0000019178a3b000 DEOPT UNPACKING pc=0x000001910004a95e sp=0x00000057931fc410 mode 0
Event: 3.144 Thread 0x0000019178a3b000 DEOPT PACKING pc=0x0000019100ae444e sp=0x00000057931fcf10
Event: 3.144 Thread 0x0000019178a3b000 DEOPT UNPACKING pc=0x000001910004a95e sp=0x00000057931fc3e8 mode 0
Event: 3.145 Thread 0x0000019178a3b000 DEOPT PACKING pc=0x0000019100ae444e sp=0x00000057931fcf10
Event: 3.145 Thread 0x0000019178a3b000 DEOPT UNPACKING pc=0x000001910004a95e sp=0x00000057931fc3e8 mode 0
Event: 3.145 Thread 0x0000019178a3b000 DEOPT PACKING pc=0x0000019100ae444e sp=0x00000057931fcf10
Event: 3.145 Thread 0x0000019178a3b000 DEOPT UNPACKING pc=0x000001910004a95e sp=0x00000057931fc3e8 mode 0
Event: 3.145 Thread 0x0000019178a3b000 DEOPT PACKING pc=0x0000019100ae444e sp=0x00000057931fcf10
Event: 3.145 Thread 0x0000019178a3b000 DEOPT UNPACKING pc=0x000001910004a95e sp=0x00000057931fc3e8 mode 0
Event: 3.248 Thread 0x0000019178a3b000 DEOPT PACKING pc=0x000001910062ab13 sp=0x00000057931f70a0
Event: 3.248 Thread 0x0000019178a3b000 DEOPT UNPACKING pc=0x000001910004a95e sp=0x00000057931f65e0 mode 0

Classes redefined (0 events):
No events

Internal exceptions (20 events):
Event: 1.150 Thread 0x000001917ad8b000 Exception <a 'java/lang/NoSuchMethodError'{0x00000000eafd0980}: 'java.lang.Object java.lang.invoke.DirectMethodHandle$Holder.invokeSpecial(java.lang.Object, java.lang.Object, int, int, java.lang.Object, java.lang.Object, java.lang.Object)'> (0x00000000eafd0980) thrown at [./src/hotspot/share/interpreter/linkResolver.cpp, line 773]
Event: 1.150 Thread 0x000001917ad8b000 Exception <a 'java/lang/NoSuchMethodError'{0x00000000eafd3f10}: 'java.lang.Object java.lang.invoke.DelegatingMethodHandle$Holder.reinvoke_L(java.lang.Object, int, int, java.lang.Object, java.lang.Object, java.lang.Object)'> (0x00000000eafd3f10) thrown at [./src/hotspot/share/interpreter/linkResolver.cpp, line 773]
Event: 1.237 Thread 0x000001917ad8b000 Exception <a 'java/io/FileNotFoundException'{0x00000000eba2da40}> (0x00000000eba2da40) thrown at [./src/hotspot/share/prims/jni.cpp, line 615]
Event: 1.387 Thread 0x000001917ad8b000 Exception <a 'java/lang/NoSuchMethodError'{0x00000000ead7fd98}: 'void java.lang.invoke.DirectMethodHandle$Holder.invokeSpecial(java.lang.Object, java.lang.Object, java.lang.Object, java.lang.Object)'> (0x00000000ead7fd98) thrown at [./src/hotspot/share/interpreter/linkResolver.cpp, line 773]
Event: 1.394 Thread 0x000001917ad8b000 Exception <a 'java/io/FileNotFoundException'{0x00000000eadd9e58}> (0x00000000eadd9e58) thrown at [./src/hotspot/share/prims/jni.cpp, line 615]
Event: 1.519 Thread 0x000001917ad8b000 Exception <a 'java/lang/NoSuchMethodError'{0x00000000eaee9100}: 'int java.lang.invoke.DirectMethodHandle$Holder.invokeStaticInit(java.lang.Object, java.lang.Object, java.lang.Object)'> (0x00000000eaee9100) thrown at [./src/hotspot/share/interpreter/linkResolver.cpp, line 773]
Event: 1.522 Thread 0x000001917ad8b000 Exception <a 'java/lang/IncompatibleClassChangeError'{0x00000000eaf799b0}: Found class java.lang.Object, but interface was expected> (0x00000000eaf799b0) thrown at [./src/hotspot/share/interpreter/linkResolver.cpp, line 839]
Event: 1.643 Thread 0x000001917ad8b000 Exception <a 'java/lang/ClassNotFoundException'{0x00000000eacd2b30}: com/sun/org/apache/xerces/internal/impl/msg/spi/DOMMessagesProvider> (0x00000000eacd2b30) thrown at [./src/hotspot/share/classfile/systemDictionary.cpp, line 231]
Event: 1.645 Thread 0x000001917ad8b000 Implicit null exception at 0x0000019107b9d889 to 0x0000019107b9e5dc
Event: 1.647 Thread 0x000001917ad8b000 Exception <a 'java/lang/ClassNotFoundException'{0x00000000ead0a3c0}: com/sun/org/apache/xerces/internal/impl/msg/spi/XMLSerializerMessagesProvider> (0x00000000ead0a3c0) thrown at [./src/hotspot/share/classfile/systemDictionary.cpp, line 231]
Event: 1.647 Thread 0x000001917ad8b000 Exception <a 'java/lang/ClassNotFoundException'{0x00000000ead1f310}: com/sun/org/apache/xerces/internal/impl/msg/spi/XMLMessagesProvider> (0x00000000ead1f310) thrown at [./src/hotspot/share/classfile/systemDictionary.cpp, line 231]
Event: 2.233 Thread 0x000001917ad8b000 Exception <a 'java/lang/ClassNotFoundException'{0x00000000eb2d2fb8}: com/sun/org/apache/xml/internal/serializer/spi/XMLEntitiesProvider> (0x00000000eb2d2fb8) thrown at [./src/hotspot/share/classfile/systemDictionary.cpp, line 231]
Event: 2.323 Thread 0x000001917ad8b000 Exception <a 'java/io/FileNotFoundException'{0x00000000eb721d20}> (0x00000000eb721d20) thrown at [./src/hotspot/share/prims/jni.cpp, line 615]
Event: 2.332 Thread 0x000001917ad8b000 Exception <a 'java/io/FileNotFoundException'{0x00000000eb78e740}> (0x00000000eb78e740) thrown at [./src/hotspot/share/prims/jni.cpp, line 615]
Event: 2.341 Thread 0x000001917ad8b000 Exception <a 'java/io/FileNotFoundException'{0x00000000eb803fd8}> (0x00000000eb803fd8) thrown at [./src/hotspot/share/prims/jni.cpp, line 615]
Event: 2.501 Thread 0x0000019178a3b000 Exception <a 'java/io/FileNotFoundException'{0x00000000eb008818}> (0x00000000eb008818) thrown at [./src/hotspot/share/prims/jni.cpp, line 615]
Event: 2.772 Thread 0x000001917ad88800 Exception <a 'java/io/FileNotFoundException'{0x00000000eb31a228}> (0x00000000eb31a228) thrown at [./src/hotspot/share/prims/jni.cpp, line 615]
Event: 2.773 Thread 0x000001917ad88800 Exception <a 'java/io/FileNotFoundException'{0x00000000eb31c318}> (0x00000000eb31c318) thrown at [./src/hotspot/share/prims/jni.cpp, line 615]
Event: 2.775 Thread 0x000001917ad88800 Exception <a 'java/lang/NoSuchMethodError'{0x00000000eb330160}: 'void java.lang.invoke.DirectMethodHandle$Holder.invokeStaticInit(java.lang.Object, java.lang.Object, java.lang.Object)'> (0x00000000eb330160) thrown at [./src/hotspot/share/interpreter/linkResolver.cpp, line 773]
Event: 3.119 Thread 0x0000019178a3b000 Exception <a 'java/lang/NoSuchMethodError'{0x00000000eace0700}: 'java.lang.Object java.lang.invoke.DirectMethodHandle$Holder.invokeInterface(java.lang.Object, java.lang.Object, java.lang.Object)'> (0x00000000eace0700) thrown at [./src/hotspot/share/interpreter/linkResolver.cpp, line 773]

Events (20 events):
Event: 3.131 Executing VM operation: RevokeBias done
Event: 3.136 Executing VM operation: RevokeBias
Event: 3.136 Executing VM operation: RevokeBias done
Event: 3.136 Executing VM operation: RevokeBias
Event: 3.136 Executing VM operation: RevokeBias done
Event: 3.136 Executing VM operation: RevokeBias
Event: 3.136 Executing VM operation: RevokeBias done
Event: 3.141 loading class org/eclipse/jdt/internal/compiler/problem/messages
Event: 3.141 loading class org/eclipse/jdt/internal/compiler/problem/messages done
Event: 3.146 loading class org/eclipse/jdt/internal/compiler/problem/messages_ko
Event: 3.146 loading class org/eclipse/jdt/internal/compiler/problem/messages_ko done
Event: 3.146 loading class org/eclipse/jdt/internal/compiler/problem/messages_ko_KR
Event: 3.146 loading class org/eclipse/jdt/internal/compiler/problem/messages_ko_KR done
Event: 3.251 Executing VM operation: Deoptimize
Event: 3.252 Executing VM operation: Deoptimize done
Event: 3.253 Executing VM operation: ParallelGCFailedAllocation
Event: 3.262 Executing VM operation: ParallelGCFailedAllocation done
Event: 3.272 Executing VM operation: CollectForMetadataAllocation
Event: 3.416 Executing VM operation: CollectForMetadataAllocation done
Event: 3.416 Executing VM operation: RevokeBias


Dynamic libraries:
0x00007ff6ed4e0000 - 0x00007ff6ed4ed000 	C:\Program Files\Eclipse Foundation\jdk-11.0.12.7-hotspot\bin\java.exe
0x00007ffd72710000 - 0x00007ffd72905000 	C:\WINDOWS\SYSTEM32\ntdll.dll
0x00007ffd70760000 - 0x00007ffd7081e000 	C:\WINDOWS\System32\KERNEL32.DLL
0x00007ffd70310000 - 0x00007ffd705d9000 	C:\WINDOWS\System32\KERNELBASE.dll
0x00007ffd70660000 - 0x00007ffd70760000 	C:\WINDOWS\System32\ucrtbase.dll
0x00007ffd67050000 - 0x00007ffd67067000 	C:\Program Files\Eclipse Foundation\jdk-11.0.12.7-hotspot\bin\jli.dll
0x00007ffd66d50000 - 0x00007ffd66d65000 	C:\Program Files\Eclipse Foundation\jdk-11.0.12.7-hotspot\bin\VCRUNTIME140.dll
0x00007ffd72440000 - 0x00007ffd725e1000 	C:\WINDOWS\System32\USER32.dll
0x00007ffd705e0000 - 0x00007ffd70602000 	C:\WINDOWS\System32\win32u.dll
0x00007ffd726a0000 - 0x00007ffd726cb000 	C:\WINDOWS\System32\GDI32.dll
0x00007ffd6ff90000 - 0x00007ffd7009b000 	C:\WINDOWS\System32\gdi32full.dll
0x00007ffd70150000 - 0x00007ffd701ed000 	C:\WINDOWS\System32\msvcp_win.dll
0x00007ffd5eb90000 - 0x00007ffd5ee2a000 	C:\WINDOWS\WinSxS\amd64_microsoft.windows.common-controls_6595b64144ccf1df_6.0.19041.1110_none_60b5254171f9507e\COMCTL32.dll
0x00007ffd72170000 - 0x00007ffd7220e000 	C:\WINDOWS\System32\msvcrt.dll
0x00007ffd723f0000 - 0x00007ffd72420000 	C:\WINDOWS\System32\IMM32.DLL
0x00007ffd167a0000 - 0x00007ffd1683b000 	C:\Program Files\Eclipse Foundation\jdk-11.0.12.7-hotspot\bin\msvcp140.dll
0x00007ffd07ec0000 - 0x00007ffd08a19000 	C:\Program Files\Eclipse Foundation\jdk-11.0.12.7-hotspot\bin\server\jvm.dll
0x00007ffd71c70000 - 0x00007ffd71d1c000 	C:\WINDOWS\System32\ADVAPI32.dll
0x00007ffd71bd0000 - 0x00007ffd71c6b000 	C:\WINDOWS\System32\sechost.dll
0x00007ffd72210000 - 0x00007ffd7233a000 	C:\WINDOWS\System32\RPCRT4.dll
0x00007ffd71d20000 - 0x00007ffd71d28000 	C:\WINDOWS\System32\PSAPI.DLL
0x00007ffd62fc0000 - 0x00007ffd62fe7000 	C:\WINDOWS\SYSTEM32\WINMM.dll
0x00007ffd5d550000 - 0x00007ffd5d559000 	C:\WINDOWS\SYSTEM32\WSOCK32.dll
0x00007ffd713e0000 - 0x00007ffd7144b000 	C:\WINDOWS\System32\WS2_32.dll
0x00007ffd6a600000 - 0x00007ffd6a60a000 	C:\WINDOWS\SYSTEM32\VERSION.dll
0x00007ffd6dc70000 - 0x00007ffd6dc82000 	C:\WINDOWS\SYSTEM32\kernel.appcore.dll
0x00007ffd6bb80000 - 0x00007ffd6bb90000 	C:\Program Files\Eclipse Foundation\jdk-11.0.12.7-hotspot\bin\verify.dll
0x00007ffd5a3d0000 - 0x00007ffd5a5b4000 	C:\WINDOWS\SYSTEM32\DBGHELP.DLL
0x00007ffd5a3a0000 - 0x00007ffd5a3cc000 	C:\WINDOWS\SYSTEM32\dbgcore.DLL
0x00007ffd70220000 - 0x00007ffd702a3000 	C:\WINDOWS\System32\bcryptPrimitives.dll
0x00007ffd67360000 - 0x00007ffd67388000 	C:\Program Files\Eclipse Foundation\jdk-11.0.12.7-hotspot\bin\java.dll
0x00007ffd67350000 - 0x00007ffd6735a000 	C:\Program Files\Eclipse Foundation\jdk-11.0.12.7-hotspot\bin\jimage.dll
0x00007ffd67340000 - 0x00007ffd6734e000 	C:\Program Files\Eclipse Foundation\jdk-11.0.12.7-hotspot\bin\instrument.dll
0x00007ffd67030000 - 0x00007ffd67047000 	C:\Program Files\Eclipse Foundation\jdk-11.0.12.7-hotspot\bin\zip.dll
0x00007ffd70820000 - 0x00007ffd70f5f000 	C:\WINDOWS\System32\SHELL32.dll
0x00007ffd6df50000 - 0x00007ffd6e6e0000 	C:\WINDOWS\SYSTEM32\windows.storage.dll
0x00007ffd71d40000 - 0x00007ffd72095000 	C:\WINDOWS\System32\combase.dll
0x00007ffd6f880000 - 0x00007ffd6f8ac000 	C:\WINDOWS\SYSTEM32\Wldp.dll
0x00007ffd72340000 - 0x00007ffd723ed000 	C:\WINDOWS\System32\SHCORE.dll
0x00007ffd71820000 - 0x00007ffd71875000 	C:\WINDOWS\System32\shlwapi.dll
0x00007ffd6fd70000 - 0x00007ffd6fd8f000 	C:\WINDOWS\SYSTEM32\profapi.dll
0x00007ffd66fa0000 - 0x00007ffd66fb9000 	C:\Program Files\Eclipse Foundation\jdk-11.0.12.7-hotspot\bin\net.dll
0x00007ffd62280000 - 0x00007ffd62388000 	C:\WINDOWS\SYSTEM32\WINHTTP.dll
0x00007ffd6f5e0000 - 0x00007ffd6f64a000 	C:\WINDOWS\system32\mswsock.dll
0x00007ffd66f00000 - 0x00007ffd66f12000 	C:\Program Files\Eclipse Foundation\jdk-11.0.12.7-hotspot\bin\nio.dll
0x00007ffd6f7e0000 - 0x00007ffd6f7f8000 	C:\WINDOWS\SYSTEM32\CRYPTSP.dll
0x00007ffd6eef0000 - 0x00007ffd6ef24000 	C:\WINDOWS\system32\rsaenh.dll
0x00007ffd701f0000 - 0x00007ffd70217000 	C:\WINDOWS\System32\bcrypt.dll
0x00007ffd6fcf0000 - 0x00007ffd6fd1e000 	C:\WINDOWS\SYSTEM32\USERENV.dll
0x00007ffd6f7d0000 - 0x00007ffd6f7dc000 	C:\WINDOWS\SYSTEM32\CRYPTBASE.dll
0x00007ffd6f280000 - 0x00007ffd6f2bb000 	C:\WINDOWS\SYSTEM32\IPHLPAPI.DLL
0x00007ffd71d30000 - 0x00007ffd71d38000 	C:\WINDOWS\System32\NSI.dll
0x00007ffd6a580000 - 0x00007ffd6a597000 	C:\WINDOWS\SYSTEM32\dhcpcsvc6.DLL
0x00007ffd6a520000 - 0x00007ffd6a53d000 	C:\WINDOWS\SYSTEM32\dhcpcsvc.DLL
0x00007ffd6f2c0000 - 0x00007ffd6f38c000 	C:\WINDOWS\SYSTEM32\DNSAPI.dll
0x00007ffd5c710000 - 0x00007ffd5c74e000 	C:\Users\mooseong\AppData\Roaming\Code\User\globalStorage\redhat.java\1.0.0\config_ss_win\org.eclipse.equinox.launcher\org.eclipse.equinox.launcher.win32.win32.x86_64_1.2.400.v20210928-1041\eclipse_11600.dll
0x00007ffd71880000 - 0x00007ffd719aa000 	C:\WINDOWS\System32\ole32.dll
0x00007ffd48540000 - 0x00007ffd48551000 	C:\Users\mooseong\AppData\Roaming\Code\User\globalStorage\redhat.java\1.0.0\config_ss_win\org.eclipse.osgi\16\0\.cp\jWinHttp-1.0.0.dll

dbghelp: loaded successfully - version: 4.0.5 - missing functions: none
symbol engine: initialized successfully - sym options: 0x614 - pdb path: .;C:\Program Files\Eclipse Foundation\jdk-11.0.12.7-hotspot\bin;C:\WINDOWS\SYSTEM32;C:\WINDOWS\WinSxS\amd64_microsoft.windows.common-controls_6595b64144ccf1df_6.0.19041.1110_none_60b5254171f9507e;C:\Program Files\Eclipse Foundation\jdk-11.0.12.7-hotspot\bin\server;C:\Users\mooseong\AppData\Roaming\Code\User\globalStorage\redhat.java\1.0.0\config_ss_win\org.eclipse.equinox.launcher\org.eclipse.equinox.launcher.win32.win32.x86_64_1.2.400.v20210928-1041;C:\Users\mooseong\AppData\Roaming\Code\User\globalStorage\redhat.java\1.0.0\config_ss_win\org.eclipse.osgi\16\0\.cp

VM Arguments:
jvm_args: --add-modules=ALL-SYSTEM --add-opens=java.base/java.util=ALL-UNNAMED --add-opens=java.base/java.lang=ALL-UNNAMED -Declipse.application=org.eclipse.jdt.ls.core.id1 -Dosgi.bundles.defaultStartLevel=4 -Declipse.product=org.eclipse.jdt.ls.core.product -Dfile.encoding=utf8 -DwatchParentProcess=false -XX:+UseParallelGC -XX:GCTimeRatio=4 -XX:AdaptiveSizePolicyWeight=90 -Dsun.zip.disableMemoryMapping=true -Xmx1G -Xms100m -javaagent:c:\Users\mooseong\.vscode\extensions\gabrielbb.vscode-lombok-1.0.1\server\lombok.jar -Xverify:none 
java_command: c:\Users\mooseong\.vscode\extensions\redhat.java-1.0.0\server\plugins\org.eclipse.equinox.launcher_1.6.400.v20210924-0641.jar -configuration c:\Users\mooseong\AppData\Roaming\Code\User\globalStorage\redhat.java\1.0.0\config_ss_win -data c:\Users\mooseong\AppData\Roaming\Code\User\workspaceStorage\c0996810a8ba770114468f27bc398e51\redhat.java\ss_ws
java_class_path (initial): c:\Users\mooseong\.vscode\extensions\redhat.java-1.0.0\server\plugins\org.eclipse.equinox.launcher_1.6.400.v20210924-0641.jar
Launcher Type: SUN_STANDARD

[Global flags]
    uintx AdaptiveSizePolicyWeight                 = 90                                        {product} {command line}
     bool BytecodeVerificationLocal                = false                                     {product} {command line}
     bool BytecodeVerificationRemote               = false                                     {product} {command line}
     intx CICompilerCount                          = 4                                         {product} {ergonomic}
    uintx GCTimeRatio                              = 4                                         {product} {command line}
   size_t InitialHeapSize                          = 104857600                                 {product} {command line}
   size_t MaxHeapSize                              = 1073741824                                {product} {command line}
   size_t MaxNewSize                               = 357564416                                 {product} {ergonomic}
   size_t MinHeapDeltaBytes                        = 524288                                    {product} {ergonomic}
   size_t NewSize                                  = 34603008                                  {product} {ergonomic}
    uintx NonNMethodCodeHeapSize                   = 5836300                                {pd product} {ergonomic}
    uintx NonProfiledCodeHeapSize                  = 122910970                              {pd product} {ergonomic}
   size_t OldSize                                  = 70254592                                  {product} {ergonomic}
    uintx ProfiledCodeHeapSize                     = 122910970                              {pd product} {ergonomic}
    uintx ReservedCodeCacheSize                    = 251658240                              {pd product} {ergonomic}
     bool SegmentedCodeCache                       = true                                      {product} {ergonomic}
     bool UseCompressedClassPointers               = true                                 {lp64_product} {ergonomic}
     bool UseCompressedOops                        = true                                 {lp64_product} {ergonomic}
     bool UseLargePagesIndividualAllocation        = false                                  {pd product} {ergonomic}
     bool UseParallelGC                            = true                                      {product} {command line}

Logging:
Log output configuration:
 #0: stdout all=warning uptime,level,tags
 #1: stderr all=off uptime,level,tags

Environment Variables:
JAVA_HOME=C:\Program Files\Eclipse Foundation\jdk-11.0.12.7-hotspot\
PATH=C:\Program Files\Eclipse Foundation\jdk-11.0.12.7-hotspot\bin;C:\Program Files (x86)\Common Files\Oracle\Java\javapath;C:\Program Files (x86)\Common Files\Intel\Shared Libraries\redist\intel64\compiler;C:\Windows\system32;C:\Windows;C:\Windows\System32\Wbem;C:\Windows\System32\WindowsPowerShell\v1.0\;C:\Program Files (x86)\NVIDIA Corporation\PhysX\Common;C:\WINDOWS\system32;C:\WINDOWS;C:\WINDOWS\System32\Wbem;C:\WINDOWS\System32\WindowsPowerShell\v1.0\;C:\WINDOWS\System32\OpenSSH\;C:\Program Files\nodejs\;C:\Program Files\Git\cmd;C:\HashiCorp\Vagrant\bin;C:\Users\mooseong\AppData\Local\Microsoft\WindowsApps;C:\Users\mooseong\AppData\Local\GitHubDesktop\bin;C:\Users\mooseong\AppData\Roaming\npm
USERNAME=김무성
OS=Windows_NT
PROCESSOR_IDENTIFIER=Intel64 Family 6 Model 158 Stepping 10, GenuineIntel



---------------  S Y S T E M  ---------------

OS: Windows 10 , 64 bit Build 19041 (10.0.19041.1202)
OS uptime: 7 days 15:24 hours

CPU:total 12 (initial active 12) (6 cores per cpu, 2 threads per core) family 6 model 158 stepping 10 microcode 0xb4, cmov, cx8, fxsr, mmx, sse, sse2, sse3, ssse3, sse4.1, sse4.2, popcnt, avx, avx2, aes, clmul, erms, rtm, 3dnowpref, lzcnt, ht, tsc, tscinvbit, bmi1, bmi2, adx, fma

Memory: 4k page, system-wide physical 16344M (6300M free)
TotalPageFile size 20926M (AvailPageFile size 2669M)
current process WorkingSet (physical memory assigned to process): 163M, peak: 167M
current process commit charge ("private bytes"): 262M, peak: 269M

vm_info: OpenJDK 64-Bit Server VM (11.0.12+7) for windows-amd64 JRE (11.0.12+7), built on Jul 21 2021 16:23:49 by "" with unknown MS VC++:1916

END.
