#
# A fatal error has been detected by the Java Runtime Environment:
#
#  EXCEPTION_ACCESS_VIOLATION (0xc0000005) at pc=0x00007ffd08232a8f, pid=24192, tid=17248
#
# JRE version: OpenJDK Runtime Environment Temurin-11.0.12+7 (11.0.12+7) (build 11.0.12+7)
# Java VM: OpenJDK 64-Bit Server VM Temurin-11.0.12+7 (11.0.12+7, mixed mode, tiered, compressed oops, parallel gc, windows-amd64)
# Problematic frame:
# V  [jvm.dll+0x372a8f]
#
# No core dump will be written. Minidumps are not enabled by default on client versions of Windows
#
# If you would like to submit a bug report, please visit:
#   https://github.com/adoptium/adoptium-support/issues
#

---------------  S U M M A R Y ------------

Command Line: --add-modules=ALL-SYSTEM --add-opens=java.base/java.util=ALL-UNNAMED --add-opens=java.base/java.lang=ALL-UNNAMED -Declipse.application=org.eclipse.jdt.ls.core.id1 -Dosgi.bundles.defaultStartLevel=4 -Declipse.product=org.eclipse.jdt.ls.core.product -Dfile.encoding=utf8 -DwatchParentProcess=false -XX:+UseParallelGC -XX:GCTimeRatio=4 -XX:AdaptiveSizePolicyWeight=90 -Dsun.zip.disableMemoryMapping=true -Xmx1G -Xms100m -javaagent:c:\Users\mooseong\.vscode\extensions\gabrielbb.vscode-lombok-1.0.1\server\lombok.jar -Xverify:none c:\Users\mooseong\.vscode\extensions\redhat.java-1.0.0\server\plugins\org.eclipse.equinox.launcher_1.6.400.v20210924-0641.jar -configuration c:\Users\mooseong\AppData\Roaming\Code\User\globalStorage\redhat.java\1.0.0\config_ss_win -data c:\Users\mooseong\AppData\Roaming\Code\User\workspaceStorage\c0996810a8ba770114468f27bc398e51\redhat.java\ss_ws

Host: Intel(R) Core(TM) i7-8700K CPU @ 3.70GHz, 12 cores, 15G,  Windows 10 , 64 bit Build 19041 (10.0.19041.1202)
Time: Mon Oct 25 15:34:58 2021 대한민국 표준시 elapsed time: 3.041261 seconds (0d 0h 0m 3s)

---------------  T H R E A D  ---------------

Current thread (0x00000190c4285800):  JavaThread "pool-1-thread-1" [_thread_in_vm, id=17248, stack(0x0000000248c00000,0x0000000248d00000)]

Stack: [0x0000000248c00000,0x0000000248d00000],  sp=0x0000000248cfd270,  free space=1012k
Native frames: (J=compiled Java code, j=interpreted, Vv=VM code, C=native code)
V  [jvm.dll+0x372a8f]
C  0x00000190af53dd6d

Java frames: (J=compiled Java code, j=interpreted, Vv=VM code)
j  org.eclipse.jdt.internal.compiler.parser.Scanner.getNextToken0()I+93
j  org.eclipse.jdt.internal.compiler.parser.Scanner.getNextToken()I+47
j  org.eclipse.jdt.internal.compiler.parser.Parser.fetchNextToken()I+4
j  org.eclipse.jdt.internal.compiler.parser.Parser.parse()V+329
j  org.eclipse.jdt.internal.compiler.parser.Parser.parse(Lorg/eclipse/jdt/internal/compiler/env/ICompilationUnit;Lorg/eclipse/jdt/internal/compiler/CompilationResult;II)Lorg/eclipse/jdt/internal/compiler/ast/CompilationUnitDeclaration;+178
j  org.eclipse.jdt.internal.compiler.parser.Parser.parse(Lorg/eclipse/jdt/internal/compiler/env/ICompilationUnit;Lorg/eclipse/jdt/internal/compiler/CompilationResult;)Lorg/eclipse/jdt/internal/compiler/ast/CompilationUnitDeclaration;+5
j  org.eclipse.jdt.internal.compiler.SourceElementParser.parseCompilationUnit(Lorg/eclipse/jdt/internal/compiler/env/ICompilationUnit;ZLorg/eclipse/core/runtime/IProgressMonitor;)Lorg/eclipse/jdt/internal/compiler/ast/CompilationUnitDeclaration;+53
j  org.eclipse.jdt.internal.core.CompilationUnit.buildStructure(Lorg/eclipse/jdt/internal/core/OpenableElementInfo;Lorg/eclipse/core/runtime/IProgressMonitor;Ljava/util/Map;Lorg/eclipse/core/resources/IResource;)Z+523
J 3200 c1 org.eclipse.jdt.internal.core.Openable.generateInfos(Ljava/lang/Object;Ljava/util/HashMap;Lorg/eclipse/core/runtime/IProgressMonitor;)V (281 bytes) @ 0x00000190b012c7b4 [0x00000190b012c200+0x00000000000005b4]
J 3206 c1 org.eclipse.jdt.internal.core.JavaElement.openWhenClosed(Ljava/lang/Object;ZLorg/eclipse/core/runtime/IProgressMonitor;)Ljava/lang/Object; (169 bytes) @ 0x00000190b0136994 [0x00000190b01367c0+0x00000000000001d4]
j  org.eclipse.jdt.internal.core.BecomeWorkingCopyOperation.executeOperation()V+29
j  org.eclipse.jdt.internal.core.JavaModelOperation.run(Lorg/eclipse/core/runtime/IProgressMonitor;)V+55
j  org.eclipse.jdt.internal.core.JavaModelOperation.runOperation(Lorg/eclipse/core/runtime/IProgressMonitor;)V+32
j  org.eclipse.jdt.internal.core.CompilationUnit.becomeWorkingCopy(Lorg/eclipse/jdt/core/IProblemRequestor;Lorg/eclipse/core/runtime/IProgressMonitor;)V+37
j  org.eclipse.jdt.internal.core.CompilationUnit.becomeWorkingCopy(Lorg/eclipse/core/runtime/IProgressMonitor;)V+23
j  org.eclipse.jdt.ls.core.internal.handlers.BaseDocumentLifeCycleHandler.handleOpen(Lorg/eclipse/lsp4j/DidOpenTextDocumentParams;)Lorg/eclipse/jdt/core/ICompilationUnit;+144
j  org.eclipse.jdt.ls.core.internal.handlers.BaseDocumentLifeCycleHandler$5.run(Lorg/eclipse/core/runtime/IProgressMonitor;)V+8
j  org.eclipse.core.internal.resources.Workspace.run(Lorg/eclipse/core/runtime/ICoreRunnable;Lorg/eclipse/core/runtime/jobs/ISchedulingRule;ILorg/eclipse/core/runtime/IProgressMonitor;)V+69
j  org.eclipse.core.internal.resources.Workspace.run(Lorg/eclipse/core/resources/IWorkspaceRunnable;Lorg/eclipse/core/runtime/jobs/ISchedulingRule;ILorg/eclipse/core/runtime/IProgressMonitor;)V+6
j  org.eclipse.jdt.ls.core.internal.handlers.BaseDocumentLifeCycleHandler.didOpen(Lorg/eclipse/lsp4j/DidOpenTextDocumentParams;)V+59
j  org.eclipse.jdt.ls.core.internal.syntaxserver.SyntaxLanguageServer.didOpen(Lorg/eclipse/lsp4j/DidOpenTextDocumentParams;)V+11
v  ~StubRoutines::call_stub
j  jdk.internal.reflect.NativeMethodAccessorImpl.invoke0(Ljava/lang/reflect/Method;Ljava/lang/Object;[Ljava/lang/Object;)Ljava/lang/Object;+0 java.base@11.0.12
j  jdk.internal.reflect.NativeMethodAccessorImpl.invoke(Ljava/lang/Object;[Ljava/lang/Object;)Ljava/lang/Object;+100 java.base@11.0.12
J 1130 c1 jdk.internal.reflect.DelegatingMethodAccessorImpl.invoke(Ljava/lang/Object;[Ljava/lang/Object;)Ljava/lang/Object; java.base@11.0.12 (10 bytes) @ 0x00000190afca5ebc [0x00000190afca5dc0+0x00000000000000fc]
J 1129 c1 java.lang.reflect.Method.invoke(Ljava/lang/Object;[Ljava/lang/Object;)Ljava/lang/Object; java.base@11.0.12 (65 bytes) @ 0x00000190afca594c [0x00000190afca5620+0x000000000000032c]
j  org.eclipse.lsp4j.jsonrpc.services.GenericEndpoint.lambda$null$0(Lorg/eclipse/lsp4j/jsonrpc/services/AnnotationUtil$MethodInfo;Ljava/lang/Object;Ljava/lang/Object;)Ljava/util/concurrent/CompletableFuture;+20
j  org.eclipse.lsp4j.jsonrpc.services.GenericEndpoint$$Lambda$169.apply(Ljava/lang/Object;)Ljava/lang/Object;+13
j  org.eclipse.lsp4j.jsonrpc.services.GenericEndpoint.notify(Ljava/lang/String;Ljava/lang/Object;)V+18
j  org.eclipse.lsp4j.jsonrpc.RemoteEndpoint.handleNotification(Lorg/eclipse/lsp4j/jsonrpc/messages/NotificationMessage;)V+20
j  org.eclipse.lsp4j.jsonrpc.RemoteEndpoint.consume(Lorg/eclipse/lsp4j/jsonrpc/messages/Message;)V+14
j  org.eclipse.lsp4j.jsonrpc.json.StreamMessageProducer.handleMessage(Ljava/io/InputStream;Lorg/eclipse/lsp4j/jsonrpc/json/StreamMessageProducer$Headers;)Z+99
j  org.eclipse.lsp4j.jsonrpc.json.StreamMessageProducer.listen(Lorg/eclipse/lsp4j/jsonrpc/MessageConsumer;)V+158
j  org.eclipse.lsp4j.jsonrpc.json.ConcurrentMessageProcessor.run()V+12
j  java.util.concurrent.Executors$RunnableAdapter.call()Ljava/lang/Object;+4 java.base@11.0.12
j  java.util.concurrent.FutureTask.run()V+39 java.base@11.0.12
j  java.util.concurrent.ThreadPoolExecutor.runWorker(Ljava/util/concurrent/ThreadPoolExecutor$Worker;)V+92 java.base@11.0.12
j  java.util.concurrent.ThreadPoolExecutor$Worker.run()V+5 java.base@11.0.12
j  java.lang.Thread.run()V+11 java.base@11.0.12
v  ~StubRoutines::call_stub

siginfo: EXCEPTION_ACCESS_VIOLATION (0xc0000005), reading address 0x00000000ec4c45e4


Register to memory mapping:

RIP=0x00007ffd08232a8f jvm.dll
RAX=0x000000000000000c is an unknown value
RBX=0x00000000ec4c45d8 is an unallocated location in the heap
RCX=0x0000000248cfd2b0 is pointing into the stack for thread: 0x00000190c4285800
RDX=0x00007ffd08728e98 jvm.dll
RSP=0x0000000248cfd270 is pointing into the stack for thread: 0x00000190c4285800
RBP=0x00000190c3cd7cd0 points into unknown readable memory: 0x0000000000000000 | 00 00 00 00 00 00 00 00
RSI=0x00000190c4aac0a0 points into unknown readable memory: 0x696c636500000002 | 02 00 00 00 65 63 6c 69
RDI=0x00000190c4285800 is a thread
R8 =0x0000000000000312 is an unknown value
R9 =0x0000000000000006 is an unknown value
R10=0x00000190c4ac55e0 points into unknown readable memory: 0x0000003c00000005 | 05 00 00 00 3c 00 00 00
R11=0x0000000248cfd260 is pointing into the stack for thread: 0x00000190c4285800
R12=0x0000000000000312 is an unknown value
R13=0x00000000000003d8 is an unknown value
R14=0x00000190c3cd7ce0 points into unknown readable memory: 0x00000190c433bb14 | 14 bb 33 c4 90 01 00 00
R15=0x00000190c3cd80b8 points into unknown readable memory: 0x88000d0ca84d4fcc | cc 4f 4d a8 0c 0d 00 88


Registers:
RAX=0x000000000000000c, RBX=0x00000000ec4c45d8, RCX=0x0000000248cfd2b0, RDX=0x00007ffd08728e98
RSP=0x0000000248cfd270, RBP=0x00000190c3cd7cd0, RSI=0x00000190c4aac0a0, RDI=0x00000190c4285800
R8 =0x0000000000000312, R9 =0x0000000000000006, R10=0x00000190c4ac55e0, R11=0x0000000248cfd260
R12=0x0000000000000312, R13=0x00000000000003d8, R14=0x00000190c3cd7ce0, R15=0x00000190c3cd80b8
RIP=0x00007ffd08232a8f, EFLAGS=0x0000000000010202

Top of Stack: (sp=0x0000000248cfd270)
0x0000000248cfd270:   00000190cfe58c60 00000000ec4c45d8
0x0000000248cfd280:   000000000000000d 00000190c4285800
0x0000000248cfd290:   00000190cffc1318 00007ffd08492bb0
0x0000000248cfd2a0:   00000190c4285800 00000190c4285800
0x0000000248cfd2b0:   00007ffd0879bdf0 0000005000000000
0x0000000248cfd2c0:   0000000000000000 0000000000000000
0x0000000248cfd2d0:   0000000000000000 0000000000000000
0x0000000248cfd2e0:   0000000000000000 0000000248cfd301
0x0000000248cfd2f0:   0000000000000000 0000000000000030
0x0000000248cfd300:   00000190cffc0000 00000190c4285800
0x0000000248cfd310:   00000190cffc1318 00000190c4285800
0x0000000248cfd320:   00000190d00ee4f0 00007ffd08596485
0x0000000248cfd330:   000000000000001d 0000000000000311
0x0000000248cfd340:   00007dfd06ab9a1d 0000000248cfd348
0x0000000248cfd350:   00000190c4285800 0000000248cfd480
0x0000000248cfd360:   00000190cfe57c4d 0000000000000000 

Instructions: (pc=0x00007ffd08232a8f)
0x00007ffd0823298f:   00 00 00 75 1a 8b 83 d8 00 00 00 c1 e8 1d a8 01
0x00007ffd0823299f:   75 0d 8b 83 d8 00 00 00 c1 e8 02 a8 01 74 0a b2
0x00007ffd082329af:   01 48 8b cb e8 a8 7f 3d 00 48 8b 9c 24 80 00 00
0x00007ffd082329bf:   00 48 83 c4 40 41 5f 41 5e 5f 5e 5d c3 cc cc cc
0x00007ffd082329cf:   cc 4c 8b dc 57 48 81 ec 10 01 00 00 48 8b 05 26
0x00007ffd082329df:   e5 6d 00 48 33 c4 48 89 84 24 d0 00 00 00 49 89
0x00007ffd082329ef:   5b 20 48 8b f9 49 89 73 e8 48 8b da 4d 89 63 e0
0x00007ffd082329ff:   ba 03 00 00 00 45 8b e0 48 89 4c 24 30 4c 8b c1
0x00007ffd08232a0f:   c7 81 c0 03 00 00 06 00 00 00 e8 42 da ff ff 48
0x00007ffd08232a1f:   83 7f 08 00 0f 85 ed 00 00 00 48 8b b7 78 02 00
0x00007ffd08232a2f:   00 48 8d 4c 24 40 48 89 ac 24 08 01 00 00 33 d2
0x00007ffd08232a3f:   4c 89 ac 24 f0 00 00 00 4c 89 b4 24 e8 00 00 00
0x00007ffd08232a4f:   48 8b 6e 10 4c 8b 76 18 4c 8b 6e 28 4c 89 bc 24
0x00007ffd08232a5f:   e0 00 00 00 4c 8b 7e 20 e8 b4 fc 28 00 80 3d ee
0x00007ffd08232a6f:   11 71 00 00 48 8d 15 1e 64 4f 00 b9 0c 00 00 00
0x00007ffd08232a7f:   b8 10 00 00 00 0f 45 c1 45 8b c4 48 8d 4c 24 40
0x00007ffd08232a8f:   44 8b 0c 18 e8 f8 13 29 00 48 8b 1d 81 86 74 00
0x00007ffd08232a9f:   48 8d 4c 24 40 e8 37 04 29 00 4c 8b cb 48 89 44
0x00007ffd08232aaf:   24 20 41 b8 bc 01 00 00 48 8d 15 d2 d1 52 00 48
0x00007ffd08232abf:   8b cf e8 3a 7d f5 ff 48 8d 4c 24 40 e8 a0 fd 28
0x00007ffd08232acf:   00 48 83 7d 00 00 74 13 49 8b d5 48 8b ce e8 0e
0x00007ffd08232adf:   ff d4 ff 48 8b cd e8 76 fe d4 ff 4c 8b ac 24 f0
0x00007ffd08232aef:   00 00 00 48 89 6e 10 48 8b ac 24 08 01 00 00 4c
0x00007ffd08232aff:   89 76 18 4c 8b b4 24 e8 00 00 00 4c 89 7e 20 4c
0x00007ffd08232b0f:   8b bc 24 e0 00 00 00 48 8b 9f f0 00 00 00 4c 8b
0x00007ffd08232b1f:   a4 24 f8 00 00 00 48 8b 43 10 48 8b 73 08 48 83
0x00007ffd08232b2f:   38 00 74 19 48 8b 53 28 48 8b ce e8 b1 fe d4 ff
0x00007ffd08232b3f:   48 8b 4b 10 e8 18 fe d4 ff 48 8b 43 10 48 89 46
0x00007ffd08232b4f:   10 48 8b 43 18 48 89 46 18 48 8b 43 20 48 8b 9c
0x00007ffd08232b5f:   24 38 01 00 00 48 89 46 20 83 bf 08 04 00 00 02
0x00007ffd08232b6f:   48 8b b4 24 00 01 00 00 75 08 48 8b cf e8 9f 72
0x00007ffd08232b7f:   3d 00 ba 06 00 00 00 48 8d 4c 24 30 44 8d 42 02 


Stack slot to memory mapping:
stack at sp + 0 slots: {method} {0x00000190cfe58c68} 'getNextToken0' '()I' in 'org/eclipse/jdt/internal/compiler/parser/Scanner'
stack at sp + 1 slots: 0x00000000ec4c45d8 is an unallocated location in the heap
stack at sp + 2 slots: 0x000000000000000d is an unknown value
stack at sp + 3 slots: 0x00000190c4285800 is a thread
stack at sp + 4 slots: {method} {0x00000190cffc1320} 'consumeInterfaceMemberDeclarationsopt' '()V' in 'org/eclipse/jdt/internal/compiler/parser/Parser'
stack at sp + 5 slots: 0x00007ffd08492bb0 jvm.dll
stack at sp + 6 slots: 0x00000190c4285800 is a thread
stack at sp + 7 slots: 0x00000190c4285800 is a thread


---------------  P R O C E S S  ---------------

Threads class SMR info:
_java_thread_list=0x00000190c4ac5190, length=21, elements={
0x00000190a6e0d800, 0x00000190c0f11800, 0x00000190c0f14000, 0x00000190c2002800,
0x00000190c2003000, 0x00000190c2006800, 0x00000190c2012800, 0x00000190c2034800,
0x00000190c0f2b800, 0x00000190c219d800, 0x00000190c41b3800, 0x00000190c3fc3800,
0x00000190c434d000, 0x00000190c3ab9800, 0x00000190c3cdc000, 0x00000190c3b4f000,
0x00000190c479e800, 0x00000190c479f800, 0x00000190c4259800, 0x00000190c4985800,
0x00000190c4285800
}

Java Threads: ( => current thread )
  0x00000190a6e0d800 JavaThread "main" [_thread_blocked, id=21824, stack(0x0000000246c00000,0x0000000246d00000)]
  0x00000190c0f11800 JavaThread "Reference Handler" daemon [_thread_blocked, id=12144, stack(0x0000000246f00000,0x0000000247000000)]
  0x00000190c0f14000 JavaThread "Finalizer" daemon [_thread_blocked, id=25872, stack(0x0000000247000000,0x0000000247100000)]
  0x00000190c2002800 JavaThread "Signal Dispatcher" daemon [_thread_blocked, id=5908, stack(0x0000000247100000,0x0000000247200000)]
  0x00000190c2003000 JavaThread "Attach Listener" daemon [_thread_blocked, id=20760, stack(0x0000000247200000,0x0000000247300000)]
  0x00000190c2006800 JavaThread "Service Thread" daemon [_thread_blocked, id=25404, stack(0x0000000247300000,0x0000000247400000)]
  0x00000190c2012800 JavaThread "C2 CompilerThread0" daemon [_thread_blocked, id=24664, stack(0x0000000247400000,0x0000000247500000)]
  0x00000190c2034800 JavaThread "C1 CompilerThread0" daemon [_thread_blocked, id=21980, stack(0x0000000247500000,0x0000000247600000)]
  0x00000190c0f2b800 JavaThread "Sweeper thread" daemon [_thread_blocked, id=18360, stack(0x0000000247600000,0x0000000247700000)]
  0x00000190c219d800 JavaThread "Common-Cleaner" daemon [_thread_blocked, id=26164, stack(0x0000000247700000,0x0000000247800000)]
  0x00000190c41b3800 JavaThread "Active Thread: Equinox Container: eda5c6f5-39b1-444a-b733-3fa541dad411" [_thread_blocked, id=21044, stack(0x0000000247c00000,0x0000000247d00000)]
  0x00000190c3fc3800 JavaThread "Framework Event Dispatcher: Equinox Container: eda5c6f5-39b1-444a-b733-3fa541dad411" daemon [_thread_blocked, id=26784, stack(0x0000000247d00000,0x0000000247e00000)]
  0x00000190c434d000 JavaThread "Start Level: Equinox Container: eda5c6f5-39b1-444a-b733-3fa541dad411" daemon [_thread_blocked, id=16084, stack(0x0000000247e00000,0x0000000247f00000)]
  0x00000190c3ab9800 JavaThread "SCR Component Actor" daemon [_thread_blocked, id=24824, stack(0x0000000248100000,0x0000000248200000)]
  0x00000190c3cdc000 JavaThread "Timer-0" daemon [_thread_blocked, id=21288, stack(0x0000000248200000,0x0000000248300000)]
  0x00000190c3b4f000 JavaThread "Worker-JM" [_thread_blocked, id=21680, stack(0x0000000248300000,0x0000000248400000)]
  0x00000190c479e800 JavaThread "Worker-0" [_thread_blocked, id=24988, stack(0x0000000248600000,0x0000000248700000)]
  0x00000190c479f800 JavaThread "Worker-1" [_thread_blocked, id=10192, stack(0x0000000248700000,0x0000000248800000)]
  0x00000190c4259800 JavaThread "C2 CompilerThread1" daemon [_thread_blocked, id=26412, stack(0x0000000247800000,0x0000000247900000)]
  0x00000190c4985800 JavaThread "C2 CompilerThread2" daemon [_thread_blocked, id=26220, stack(0x0000000247a00000,0x0000000247b00000)]
=>0x00000190c4285800 JavaThread "pool-1-thread-1" [_thread_in_vm, id=17248, stack(0x0000000248c00000,0x0000000248d00000)]

Other Threads:
  0x00000190c1fb2800 VMThread "VM Thread" [stack: 0x0000000246e00000,0x0000000246f00000] [id=25632]
  0x00000190c368d800 WatcherThread [stack: 0x0000000247900000,0x0000000247a00000] [id=22964]
  0x00000190a6e25000 GCTaskThread "ParGC Thread#0" [stack: 0x0000000246d00000,0x0000000246e00000] [id=18872]
  0x00000190c4839800 GCTaskThread "ParGC Thread#1" [stack: 0x0000000247b00000,0x0000000247c00000] [id=21716]
  0x00000190c41f0800 GCTaskThread "ParGC Thread#2" [stack: 0x0000000247f00000,0x0000000248000000] [id=23496]
  0x00000190c3ab9000 GCTaskThread "ParGC Thread#3" [stack: 0x0000000248000000,0x0000000248100000] [id=2512]
  0x00000190c4717800 GCTaskThread "ParGC Thread#4" [stack: 0x0000000248400000,0x0000000248500000] [id=27644]
  0x00000190c4718000 GCTaskThread "ParGC Thread#5" [stack: 0x0000000248500000,0x0000000248600000] [id=2520]
  0x00000190c4272000 GCTaskThread "ParGC Thread#6" [stack: 0x0000000248800000,0x0000000248900000] [id=26812]
  0x00000190c4277000 GCTaskThread "ParGC Thread#7" [stack: 0x0000000248900000,0x0000000248a00000] [id=1204]
  0x00000190c4a20000 GCTaskThread "ParGC Thread#8" [stack: 0x0000000248a00000,0x0000000248b00000] [id=18816]
  0x00000190c4258800 GCTaskThread "ParGC Thread#9" [stack: 0x0000000248b00000,0x0000000248c00000] [id=2372]

Threads with active compile tasks:
C1 CompilerThread0   3093 3370       3       java.net.URLStreamHandler::parseURL (1201 bytes)

VM state:synchronizing (normal execution)

VM Mutex/Monitor currently owned by a thread:  ([mutex/lock_event])
[0x00000190a6e0b6a0] Threads_lock - owner thread: 0x00000190c1fb2800

Heap address: 0x00000000c0000000, size: 1024 MB, Compressed Oops mode: 32-bit
Narrow klass base: 0x0000000000000000, Narrow klass shift: 3
Compressed class space size: 1073741824 Address: 0x0000000100000000

Heap:
 PSYoungGen      total 24064K, used 269K [0x00000000eab00000, 0x00000000ec480000, 0x0000000100000000)
  eden space 22016K, 1% used [0x00000000eab00000,0x00000000eab43690,0x00000000ec080000)
  from space 2048K, 0% used [0x00000000ec180000,0x00000000ec180000,0x00000000ec380000)
  to   space 1024K, 0% used [0x00000000ec380000,0x00000000ec380000,0x00000000ec480000)
 ParOldGen       total 68608K, used 24760K [0x00000000c0000000, 0x00000000c4300000, 0x00000000eab00000)
  object space 68608K, 36% used [0x00000000c0000000,0x00000000c182e240,0x00000000c4300000)
 Metaspace       used 33329K, capacity 35313K, committed 35672K, reserved 1081344K
  class space    used 3176K, capacity 3882K, committed 3968K, reserved 1048576K

Card table byte_map: [0x00000190a67d0000,0x00000190a69e0000] _byte_map_base: 0x00000190a61d0000

Marking Bits: (ParMarkBitMap*) 0x00007ffd0895bcf0
 Begin Bits: [0x00000190be530000, 0x00000190bf530000)
 End Bits:   [0x00000190bf530000, 0x00000190c0530000)

Polling page: 0x00000190a4c00000

Metaspace:

Usage:
  Non-class:     30.69 MB capacity,    29.45 MB ( 96%) used,     1.18 MB (  4%) free+waste,    72.56 KB ( <1%) overhead. 
      Class:      3.79 MB capacity,     3.10 MB ( 82%) used,   670.59 KB ( 17%) free+waste,    34.94 KB ( <1%) overhead. 
       Both:     34.49 MB capacity,    32.55 MB ( 94%) used,     1.83 MB (  5%) free+waste,   107.50 KB ( <1%) overhead. 

Virtual space:
  Non-class space:       32.00 MB reserved,      30.96 MB ( 97%) committed 
      Class space:        1.00 GB reserved,       3.88 MB ( <1%) committed 
             Both:        1.03 GB reserved,      34.84 MB (  3%) committed 

Chunk freelists:
   Non-Class:  57.00 KB
       Class:  22.00 KB
        Both:  79.00 KB

MaxMetaspaceSize: 17179869184.00 GB
CompressedClassSpaceSize: 1.00 GB
Initial GC threshold: 20.80 MB
Current GC threshold: 57.64 MB
CDS: off

CodeHeap 'non-profiled nmethods': size=120000Kb used=1646Kb max_used=1646Kb free=118353Kb
 bounds [0x00000190b7000000, 0x00000190b7270000, 0x00000190be530000]
CodeHeap 'profiled nmethods': size=120000Kb used=7054Kb max_used=7054Kb free=112945Kb
 bounds [0x00000190afad0000, 0x00000190b01c0000, 0x00000190b7000000]
CodeHeap 'non-nmethods': size=5760Kb used=1263Kb max_used=1306Kb free=4496Kb
 bounds [0x00000190af530000, 0x00000190af7a0000, 0x00000190afad0000]
 total_blobs=3900 nmethods=3355 adapters=459
 compilation: enabled
              stopped_count=0, restarted_count=0
 full_count=0

Compilation events (20 events):
Event: 2.873 Thread 0x00000190c2034800 nmethod 3363 0x00000190b019e510 code [0x00000190b019e700, 0x00000190b019ec28]
Event: 2.873 Thread 0x00000190c2034800 3359       3       org.objectweb.asm.MethodVisitor::visitLineNumber (17 bytes)
Event: 2.873 Thread 0x00000190c2034800 nmethod 3359 0x00000190b019ee10 code [0x00000190b019efc0, 0x00000190b019f1a8]
Event: 2.873 Thread 0x00000190c2034800 3360       3       org.objectweb.asm.MethodWriter::visitInsn (115 bytes)
Event: 2.874 Thread 0x00000190c2034800 nmethod 3360 0x00000190b019f290 code [0x00000190b019f480, 0x00000190b019f868]
Event: 2.874 Thread 0x00000190c2034800 3362       3       org.objectweb.asm.ClassReader::readShort (27 bytes)
Event: 2.874 Thread 0x00000190c2034800 nmethod 3362 0x00000190b019fa10 code [0x00000190b019fbc0, 0x00000190b019fd38]
Event: 2.874 Thread 0x00000190c2034800 3364       3       org.objectweb.asm.MethodWriter::visitLineNumber (50 bytes)
Event: 2.874 Thread 0x00000190c2034800 nmethod 3364 0x00000190b019fe10 code [0x00000190b01a0000, 0x00000190b01a03d8]
Event: 2.874 Thread 0x00000190c2034800 3365       3       java.util.regex.Pattern$GroupTail::match (111 bytes)
Event: 2.874 Thread 0x00000190c2034800 nmethod 3365 0x00000190b01a0590 code [0x00000190b01a0760, 0x00000190b01a0ae8]
Event: 2.879 Thread 0x00000190c2034800 3366       3       org.objectweb.asm.SymbolTable::put (150 bytes)
Event: 2.880 Thread 0x00000190c2034800 nmethod 3366 0x00000190b01a0d10 code [0x00000190b01a0f00, 0x00000190b01a15f8]
Event: 2.880 Thread 0x00000190c2034800 3367       3       java.util.regex.Pattern$BranchConn::match (11 bytes)
Event: 2.880 Thread 0x00000190c2034800 nmethod 3367 0x00000190b01a1910 code [0x00000190b01a1ac0, 0x00000190b01a1c88]
Event: 2.880 Thread 0x00000190c2034800 3368   !   3       java.util.regex.Pattern::matcher (44 bytes)
Event: 2.880 Thread 0x00000190c2034800 nmethod 3368 0x00000190b01a1d90 code [0x00000190b01a1f60, 0x00000190b01a2378]
Event: 2.880 Thread 0x00000190c2034800 3369       3       java.util.regex.Matcher::match (154 bytes)
Event: 2.881 Thread 0x00000190c2034800 nmethod 3369 0x00000190b01a2490 code [0x00000190b01a26a0, 0x00000190b01a2e08]
Event: 2.881 Thread 0x00000190c2034800 3370       3       java.net.URLStreamHandler::parseURL (1201 bytes)

GC Heap History (20 events):
Event: 2.438 GC heap before
{Heap before GC invocations=8 (full 1):
 PSYoungGen      total 26624K, used 26619K [0x00000000eab00000, 0x00000000eca00000, 0x0000000100000000)
  eden space 24064K, 100% used [0x00000000eab00000,0x00000000ec280000,0x00000000ec280000)
  from space 2560K, 99% used [0x00000000ec600000,0x00000000ec87ec18,0x00000000ec880000)
  to   space 3584K, 0% used [0x00000000ec280000,0x00000000ec280000,0x00000000ec600000)
 ParOldGen       total 68608K, used 6504K [0x00000000c0000000, 0x00000000c4300000, 0x00000000eab00000)
  object space 68608K, 9% used [0x00000000c0000000,0x00000000c065a3a8,0x00000000c4300000)
 Metaspace       used 30616K, capacity 32503K, committed 32640K, reserved 1079296K
  class space    used 2947K, capacity 3671K, committed 3712K, reserved 1048576K
}
Event: 2.442 GC heap after
{Heap after GC invocations=8 (full 1):
 PSYoungGen      total 27136K, used 3561K [0x00000000eab00000, 0x00000000ecb00000, 0x0000000100000000)
  eden space 23552K, 0% used [0x00000000eab00000,0x00000000eab00000,0x00000000ec200000)
  from space 3584K, 99% used [0x00000000ec280000,0x00000000ec5fa7e8,0x00000000ec600000)
  to   space 4608K, 0% used [0x00000000ec680000,0x00000000ec680000,0x00000000ecb00000)
 ParOldGen       total 68608K, used 7056K [0x00000000c0000000, 0x00000000c4300000, 0x00000000eab00000)
  object space 68608K, 10% used [0x00000000c0000000,0x00000000c06e43a8,0x00000000c4300000)
 Metaspace       used 30616K, capacity 32503K, committed 32640K, reserved 1079296K
  class space    used 2947K, capacity 3671K, committed 3712K, reserved 1048576K
}
Event: 2.520 GC heap before
{Heap before GC invocations=9 (full 1):
 PSYoungGen      total 27136K, used 27113K [0x00000000eab00000, 0x00000000ecb00000, 0x0000000100000000)
  eden space 23552K, 100% used [0x00000000eab00000,0x00000000ec200000,0x00000000ec200000)
  from space 3584K, 99% used [0x00000000ec280000,0x00000000ec5fa7e8,0x00000000ec600000)
  to   space 4608K, 0% used [0x00000000ec680000,0x00000000ec680000,0x00000000ecb00000)
 ParOldGen       total 68608K, used 7056K [0x00000000c0000000, 0x00000000c4300000, 0x00000000eab00000)
  object space 68608K, 10% used [0x00000000c0000000,0x00000000c06e43a8,0x00000000c4300000)
 Metaspace       used 31087K, capacity 32949K, committed 33280K, reserved 1079296K
  class space    used 3010K, capacity 3713K, committed 3840K, reserved 1048576K
}
Event: 2.525 GC heap after
{Heap after GC invocations=9 (full 1):
 PSYoungGen      total 26624K, used 4601K [0x00000000eab00000, 0x00000000ecd80000, 0x0000000100000000)
  eden space 22016K, 0% used [0x00000000eab00000,0x00000000eab00000,0x00000000ec080000)
  from space 4608K, 99% used [0x00000000ec680000,0x00000000ecafe480,0x00000000ecb00000)
  to   space 6144K, 0% used [0x00000000ec080000,0x00000000ec080000,0x00000000ec680000)
 ParOldGen       total 68608K, used 8121K [0x00000000c0000000, 0x00000000c4300000, 0x00000000eab00000)
  object space 68608K, 11% used [0x00000000c0000000,0x00000000c07ee7f8,0x00000000c4300000)
 Metaspace       used 31087K, capacity 32949K, committed 33280K, reserved 1079296K
  class space    used 3010K, capacity 3713K, committed 3840K, reserved 1048576K
}
Event: 2.564 GC heap before
{Heap before GC invocations=10 (full 1):
 PSYoungGen      total 26624K, used 26617K [0x00000000eab00000, 0x00000000ecd80000, 0x0000000100000000)
  eden space 22016K, 100% used [0x00000000eab00000,0x00000000ec080000,0x00000000ec080000)
  from space 4608K, 99% used [0x00000000ec680000,0x00000000ecafe480,0x00000000ecb00000)
  to   space 6144K, 0% used [0x00000000ec080000,0x00000000ec080000,0x00000000ec680000)
 ParOldGen       total 68608K, used 8121K [0x00000000c0000000, 0x00000000c4300000, 0x00000000eab00000)
  object space 68608K, 11% used [0x00000000c0000000,0x00000000c07ee7f8,0x00000000c4300000)
 Metaspace       used 31120K, capacity 33013K, committed 33280K, reserved 1079296K
  class space    used 3010K, capacity 3713K, committed 3840K, reserved 1048576K
}
Event: 2.567 GC heap after
{Heap after GC invocations=10 (full 1):
 PSYoungGen      total 27136K, used 5038K [0x00000000eab00000, 0x00000000ecb80000, 0x0000000100000000)
  eden space 22016K, 0% used [0x00000000eab00000,0x00000000eab00000,0x00000000ec080000)
  from space 5120K, 98% used [0x00000000ec080000,0x00000000ec56bbb0,0x00000000ec580000)
  to   space 5632K, 0% used [0x00000000ec600000,0x00000000ec600000,0x00000000ecb80000)
 ParOldGen       total 68608K, used 9755K [0x00000000c0000000, 0x00000000c4300000, 0x00000000eab00000)
  object space 68608K, 14% used [0x00000000c0000000,0x00000000c0986e10,0x00000000c4300000)
 Metaspace       used 31120K, capacity 33013K, committed 33280K, reserved 1079296K
  class space    used 3010K, capacity 3713K, committed 3840K, reserved 1048576K
}
Event: 2.618 GC heap before
{Heap before GC invocations=11 (full 1):
 PSYoungGen      total 27136K, used 27054K [0x00000000eab00000, 0x00000000ecb80000, 0x0000000100000000)
  eden space 22016K, 100% used [0x00000000eab00000,0x00000000ec080000,0x00000000ec080000)
  from space 5120K, 98% used [0x00000000ec080000,0x00000000ec56bbb0,0x00000000ec580000)
  to   space 5632K, 0% used [0x00000000ec600000,0x00000000ec600000,0x00000000ecb80000)
 ParOldGen       total 68608K, used 9755K [0x00000000c0000000, 0x00000000c4300000, 0x00000000eab00000)
  object space 68608K, 14% used [0x00000000c0000000,0x00000000c0986e10,0x00000000c4300000)
 Metaspace       used 31314K, capacity 33205K, committed 33536K, reserved 1079296K
  class space    used 3023K, capacity 3713K, committed 3840K, reserved 1048576K
}
Event: 2.621 GC heap after
{Heap after GC invocations=11 (full 1):
 PSYoungGen      total 26624K, used 4594K [0x00000000eab00000, 0x00000000eca80000, 0x0000000100000000)
  eden space 22016K, 0% used [0x00000000eab00000,0x00000000eab00000,0x00000000ec080000)
  from space 4608K, 99% used [0x00000000ec600000,0x00000000eca7cb38,0x00000000eca80000)
  to   space 5120K, 0% used [0x00000000ec080000,0x00000000ec080000,0x00000000ec580000)
 ParOldGen       total 68608K, used 12704K [0x00000000c0000000, 0x00000000c4300000, 0x00000000eab00000)
  object space 68608K, 18% used [0x00000000c0000000,0x00000000c0c682b8,0x00000000c4300000)
 Metaspace       used 31314K, capacity 33205K, committed 33536K, reserved 1079296K
  class space    used 3023K, capacity 3713K, committed 3840K, reserved 1048576K
}
Event: 2.654 GC heap before
{Heap before GC invocations=12 (full 1):
 PSYoungGen      total 26624K, used 26610K [0x00000000eab00000, 0x00000000eca80000, 0x0000000100000000)
  eden space 22016K, 100% used [0x00000000eab00000,0x00000000ec080000,0x00000000ec080000)
  from space 4608K, 99% used [0x00000000ec600000,0x00000000eca7cb38,0x00000000eca80000)
  to   space 5120K, 0% used [0x00000000ec080000,0x00000000ec080000,0x00000000ec580000)
 ParOldGen       total 68608K, used 12704K [0x00000000c0000000, 0x00000000c4300000, 0x00000000eab00000)
  object space 68608K, 18% used [0x00000000c0000000,0x00000000c0c682b8,0x00000000c4300000)
 Metaspace       used 31314K, capacity 33205K, committed 33536K, reserved 1079296K
  class space    used 3023K, capacity 3713K, committed 3840K, reserved 1048576K
}
Event: 2.659 GC heap after
{Heap after GC invocations=12 (full 1):
 PSYoungGen      total 24576K, used 2208K [0x00000000eab00000, 0x00000000ec780000, 0x0000000100000000)
  eden space 22016K, 0% used [0x00000000eab00000,0x00000000eab00000,0x00000000ec080000)
  from space 2560K, 86% used [0x00000000ec080000,0x00000000ec2a8000,0x00000000ec300000)
  to   space 3584K, 0% used [0x00000000ec400000,0x00000000ec400000,0x00000000ec780000)
 ParOldGen       total 68608K, used 17182K [0x00000000c0000000, 0x00000000c4300000, 0x00000000eab00000)
  object space 68608K, 25% used [0x00000000c0000000,0x00000000c10c7bb8,0x00000000c4300000)
 Metaspace       used 31314K, capacity 33205K, committed 33536K, reserved 1079296K
  class space    used 3023K, capacity 3713K, committed 3840K, reserved 1048576K
}
Event: 2.687 GC heap before
{Heap before GC invocations=13 (full 1):
 PSYoungGen      total 24576K, used 24224K [0x00000000eab00000, 0x00000000ec780000, 0x0000000100000000)
  eden space 22016K, 100% used [0x00000000eab00000,0x00000000ec080000,0x00000000ec080000)
  from space 2560K, 86% used [0x00000000ec080000,0x00000000ec2a8000,0x00000000ec300000)
  to   space 3584K, 0% used [0x00000000ec400000,0x00000000ec400000,0x00000000ec780000)
 ParOldGen       total 68608K, used 17182K [0x00000000c0000000, 0x00000000c4300000, 0x00000000eab00000)
  object space 68608K, 25% used [0x00000000c0000000,0x00000000c10c7bb8,0x00000000c4300000)
 Metaspace       used 31314K, capacity 33205K, committed 33536K, reserved 1079296K
  class space    used 3023K, capacity 3713K, committed 3840K, reserved 1048576K
}
Event: 2.692 GC heap after
{Heap after GC invocations=13 (full 1):
 PSYoungGen      total 25088K, used 2592K [0x00000000eab00000, 0x00000000ec700000, 0x0000000100000000)
  eden space 22016K, 0% used [0x00000000eab00000,0x00000000eab00000,0x00000000ec080000)
  from space 3072K, 84% used [0x00000000ec400000,0x00000000ec688010,0x00000000ec700000)
  to   space 3072K, 0% used [0x00000000ec100000,0x00000000ec100000,0x00000000ec400000)
 ParOldGen       total 68608K, used 19318K [0x00000000c0000000, 0x00000000c4300000, 0x00000000eab00000)
  object space 68608K, 28% used [0x00000000c0000000,0x00000000c12ddbb8,0x00000000c4300000)
 Metaspace       used 31314K, capacity 33205K, committed 33536K, reserved 1079296K
  class space    used 3023K, capacity 3713K, committed 3840K, reserved 1048576K
}
Event: 2.739 GC heap before
{Heap before GC invocations=14 (full 1):
 PSYoungGen      total 25088K, used 24608K [0x00000000eab00000, 0x00000000ec700000, 0x0000000100000000)
  eden space 22016K, 100% used [0x00000000eab00000,0x00000000ec080000,0x00000000ec080000)
  from space 3072K, 84% used [0x00000000ec400000,0x00000000ec688010,0x00000000ec700000)
  to   space 3072K, 0% used [0x00000000ec100000,0x00000000ec100000,0x00000000ec400000)
 ParOldGen       total 68608K, used 19318K [0x00000000c0000000, 0x00000000c4300000, 0x00000000eab00000)
  object space 68608K, 28% used [0x00000000c0000000,0x00000000c12ddbb8,0x00000000c4300000)
 Metaspace       used 31402K, capacity 33406K, committed 33536K, reserved 1079296K
  class space    used 3033K, capacity 3780K, committed 3840K, reserved 1048576K
}
Event: 2.748 GC heap after
{Heap after GC invocations=14 (full 1):
 PSYoungGen      total 25088K, used 2848K [0x00000000eab00000, 0x00000000ec680000, 0x0000000100000000)
  eden space 22016K, 0% used [0x00000000eab00000,0x00000000eab00000,0x00000000ec080000)
  from space 3072K, 92% used [0x00000000ec100000,0x00000000ec3c8000,0x00000000ec400000)
  to   space 2560K, 0% used [0x00000000ec400000,0x00000000ec400000,0x00000000ec680000)
 ParOldGen       total 68608K, used 21830K [0x00000000c0000000, 0x00000000c4300000, 0x00000000eab00000)
  object space 68608K, 31% used [0x00000000c0000000,0x00000000c1551bc8,0x00000000c4300000)
 Metaspace       used 31402K, capacity 33406K, committed 33536K, reserved 1079296K
  class space    used 3033K, capacity 3780K, committed 3840K, reserved 1048576K
}
Event: 2.884 GC heap before
{Heap before GC invocations=15 (full 1):
 PSYoungGen      total 25088K, used 24844K [0x00000000eab00000, 0x00000000ec680000, 0x0000000100000000)
  eden space 22016K, 99% used [0x00000000eab00000,0x00000000ec07b030,0x00000000ec080000)
  from space 3072K, 92% used [0x00000000ec100000,0x00000000ec3c8000,0x00000000ec400000)
  to   space 2560K, 0% used [0x00000000ec400000,0x00000000ec400000,0x00000000ec680000)
 ParOldGen       total 68608K, used 21830K [0x00000000c0000000, 0x00000000c4300000, 0x00000000eab00000)
  object space 68608K, 31% used [0x00000000c0000000,0x00000000c1551bc8,0x00000000c4300000)
 Metaspace       used 33152K, capacity 35121K, committed 35416K, reserved 1081344K
  class space    used 3161K, capacity 3882K, committed 3968K, reserved 1048576K
}
Event: 2.886 GC heap after
{Heap after GC invocations=15 (full 1):
 PSYoungGen      total 23552K, used 1049K [0x00000000eab00000, 0x00000000ec580000, 0x0000000100000000)
  eden space 22016K, 0% used [0x00000000eab00000,0x00000000eab00000,0x00000000ec080000)
  from space 1536K, 68% used [0x00000000ec400000,0x00000000ec5064c8,0x00000000ec580000)
  to   space 2048K, 0% used [0x00000000ec180000,0x00000000ec180000,0x00000000ec380000)
 ParOldGen       total 68608K, used 24611K [0x00000000c0000000, 0x00000000c4300000, 0x00000000eab00000)
  object space 68608K, 35% used [0x00000000c0000000,0x00000000c1808f20,0x00000000c4300000)
 Metaspace       used 33152K, capacity 35121K, committed 35416K, reserved 1081344K
  class space    used 3161K, capacity 3882K, committed 3968K, reserved 1048576K
}
Event: 2.893 GC heap before
{Heap before GC invocations=16 (full 1):
 PSYoungGen      total 23552K, used 1701K [0x00000000eab00000, 0x00000000ec580000, 0x0000000100000000)
  eden space 22016K, 2% used [0x00000000eab00000,0x00000000eaba3248,0x00000000ec080000)
  from space 1536K, 68% used [0x00000000ec400000,0x00000000ec5064c8,0x00000000ec580000)
  to   space 2048K, 0% used [0x00000000ec180000,0x00000000ec180000,0x00000000ec380000)
 ParOldGen       total 68608K, used 24611K [0x00000000c0000000, 0x00000000c4300000, 0x00000000eab00000)
  object space 68608K, 35% used [0x00000000c0000000,0x00000000c1808f20,0x00000000c4300000)
 Metaspace       used 33311K, capacity 35249K, committed 35416K, reserved 1081344K
  class space    used 3176K, capacity 3882K, committed 3968K, reserved 1048576K
}
Event: 2.894 GC heap after
{Heap after GC invocations=16 (full 1):
 PSYoungGen      total 24064K, used 128K [0x00000000eab00000, 0x00000000ec480000, 0x0000000100000000)
  eden space 22016K, 0% used [0x00000000eab00000,0x00000000eab00000,0x00000000ec080000)
  from space 2048K, 6% used [0x00000000ec180000,0x00000000ec1a0000,0x00000000ec380000)
  to   space 1024K, 0% used [0x00000000ec380000,0x00000000ec380000,0x00000000ec480000)
 ParOldGen       total 68608K, used 25475K [0x00000000c0000000, 0x00000000c4300000, 0x00000000eab00000)
  object space 68608K, 37% used [0x00000000c0000000,0x00000000c18e0cf0,0x00000000c4300000)
 Metaspace       used 33311K, capacity 35249K, committed 35416K, reserved 1081344K
  class space    used 3176K, capacity 3882K, committed 3968K, reserved 1048576K
}
Event: 2.894 GC heap before
{Heap before GC invocations=17 (full 2):
 PSYoungGen      total 24064K, used 128K [0x00000000eab00000, 0x00000000ec480000, 0x0000000100000000)
  eden space 22016K, 0% used [0x00000000eab00000,0x00000000eab00000,0x00000000ec080000)
  from space 2048K, 6% used [0x00000000ec180000,0x00000000ec1a0000,0x00000000ec380000)
  to   space 1024K, 0% used [0x00000000ec380000,0x00000000ec380000,0x00000000ec480000)
 ParOldGen       total 68608K, used 25475K [0x00000000c0000000, 0x00000000c4300000, 0x00000000eab00000)
  object space 68608K, 37% used [0x00000000c0000000,0x00000000c18e0cf0,0x00000000c4300000)
 Metaspace       used 33311K, capacity 35249K, committed 35416K, reserved 1081344K
  class space    used 3176K, capacity 3882K, committed 3968K, reserved 1048576K
}
Event: 3.025 GC heap after
{Heap after GC invocations=17 (full 2):
 PSYoungGen      total 24064K, used 0K [0x00000000eab00000, 0x00000000ec480000, 0x0000000100000000)
  eden space 22016K, 0% used [0x00000000eab00000,0x00000000eab00000,0x00000000ec080000)
  from space 2048K, 0% used [0x00000000ec180000,0x00000000ec180000,0x00000000ec380000)
  to   space 1024K, 0% used [0x00000000ec380000,0x00000000ec380000,0x00000000ec480000)
 ParOldGen       total 68608K, used 24760K [0x00000000c0000000, 0x00000000c4300000, 0x00000000eab00000)
  object space 68608K, 36% used [0x00000000c0000000,0x00000000c182e240,0x00000000c4300000)
 Metaspace       used 33311K, capacity 35249K, committed 35416K, reserved 1081344K
  class space    used 3176K, capacity 3882K, committed 3968K, reserved 1048576K
}

Deoptimization events (20 events):
Event: 2.789 Thread 0x00000190c4285800 DEOPT PACKING pc=0x00000190b000e04e sp=0x0000000248cfcd00
Event: 2.789 Thread 0x00000190c4285800 DEOPT UNPACKING pc=0x00000190af57a95e sp=0x0000000248cfc1e0 mode 0
Event: 2.790 Thread 0x00000190c4285800 DEOPT PACKING pc=0x00000190b000e04e sp=0x0000000248cfcd00
Event: 2.790 Thread 0x00000190c4285800 DEOPT UNPACKING pc=0x00000190af57a95e sp=0x0000000248cfc1e0 mode 0
Event: 2.790 Thread 0x00000190c4285800 DEOPT PACKING pc=0x00000190b000e04e sp=0x0000000248cfcd00
Event: 2.790 Thread 0x00000190c4285800 DEOPT UNPACKING pc=0x00000190af57a95e sp=0x0000000248cfc1e0 mode 0
Event: 2.790 Thread 0x00000190c4285800 DEOPT PACKING pc=0x00000190b000e04e sp=0x0000000248cfcce0
Event: 2.790 Thread 0x00000190c4285800 DEOPT UNPACKING pc=0x00000190af57a95e sp=0x0000000248cfc1b8 mode 0
Event: 2.790 Thread 0x00000190c4285800 DEOPT PACKING pc=0x00000190b000e04e sp=0x0000000248cfcce0
Event: 2.790 Thread 0x00000190c4285800 DEOPT UNPACKING pc=0x00000190af57a95e sp=0x0000000248cfc1b8 mode 0
Event: 2.791 Thread 0x00000190c4285800 DEOPT PACKING pc=0x00000190b000e04e sp=0x0000000248cfcce0
Event: 2.791 Thread 0x00000190c4285800 DEOPT UNPACKING pc=0x00000190af57a95e sp=0x0000000248cfc1b8 mode 0
Event: 2.791 Thread 0x00000190c4285800 DEOPT PACKING pc=0x00000190b000e04e sp=0x0000000248cfcce0
Event: 2.791 Thread 0x00000190c4285800 DEOPT UNPACKING pc=0x00000190af57a95e sp=0x0000000248cfc1b8 mode 0
Event: 2.872 Thread 0x00000190c4285800 Uncommon trap: trap_request=0xffffff4d fr.pc=0x00000190b719941c relative=0x00000000000002dc
Event: 2.872 Thread 0x00000190c4285800 Uncommon trap: reason=unstable_if action=reinterpret pc=0x00000190b719941c method=org.objectweb.asm.Label.resolve([BI)Z @ 80 c2
Event: 2.872 Thread 0x00000190c4285800 DEOPT PACKING pc=0x00000190b719941c sp=0x0000000248cfa500
Event: 2.872 Thread 0x00000190c4285800 DEOPT UNPACKING pc=0x00000190af57a1af sp=0x0000000248cfa400 mode 2
Event: 2.880 Thread 0x00000190c4285800 DEOPT PACKING pc=0x00000190afb5a313 sp=0x0000000248cf6e30
Event: 2.880 Thread 0x00000190c4285800 DEOPT UNPACKING pc=0x00000190af57a95e sp=0x0000000248cf6370 mode 0

Classes redefined (0 events):
No events

Internal exceptions (20 events):
Event: 1.044 Thread 0x00000190c434d000 Exception <a 'java/lang/NoSuchMethodError'{0x00000000eafdc340}: 'java.lang.Object java.lang.invoke.DirectMethodHandle$Holder.invokeSpecial(java.lang.Object, java.lang.Object, int, int, java.lang.Object, java.lang.Object, java.lang.Object)'> (0x00000000eafdc340) thrown at [./src/hotspot/share/interpreter/linkResolver.cpp, line 773]
Event: 1.045 Thread 0x00000190c434d000 Exception <a 'java/lang/NoSuchMethodError'{0x00000000eafdf8d0}: 'java.lang.Object java.lang.invoke.DelegatingMethodHandle$Holder.reinvoke_L(java.lang.Object, int, int, java.lang.Object, java.lang.Object, java.lang.Object)'> (0x00000000eafdf8d0) thrown at [./src/hotspot/share/interpreter/linkResolver.cpp, line 773]
Event: 1.121 Thread 0x00000190c434d000 Exception <a 'java/io/FileNotFoundException'{0x00000000eba386f0}> (0x00000000eba386f0) thrown at [./src/hotspot/share/prims/jni.cpp, line 615]
Event: 1.247 Thread 0x00000190c434d000 Exception <a 'java/lang/NoSuchMethodError'{0x00000000ead388e8}: 'void java.lang.invoke.DirectMethodHandle$Holder.invokeSpecial(java.lang.Object, java.lang.Object, java.lang.Object, java.lang.Object)'> (0x00000000ead388e8) thrown at [./src/hotspot/share/interpreter/linkResolver.cpp, line 773]
Event: 1.251 Thread 0x00000190c434d000 Exception <a 'java/io/FileNotFoundException'{0x00000000ead92710}> (0x00000000ead92710) thrown at [./src/hotspot/share/prims/jni.cpp, line 615]
Event: 1.359 Thread 0x00000190c434d000 Exception <a 'java/lang/NoSuchMethodError'{0x00000000eaee9618}: 'int java.lang.invoke.DirectMethodHandle$Holder.invokeStaticInit(java.lang.Object, java.lang.Object, java.lang.Object)'> (0x00000000eaee9618) thrown at [./src/hotspot/share/interpreter/linkResolver.cpp, line 773]
Event: 1.362 Thread 0x00000190c434d000 Exception <a 'java/lang/IncompatibleClassChangeError'{0x00000000eaf79518}: Found class java.lang.Object, but interface was expected> (0x00000000eaf79518) thrown at [./src/hotspot/share/interpreter/linkResolver.cpp, line 839]
Event: 1.480 Thread 0x00000190c434d000 Exception <a 'java/lang/ClassNotFoundException'{0x00000000eacc7a00}: com/sun/org/apache/xerces/internal/impl/msg/spi/DOMMessagesProvider> (0x00000000eacc7a00) thrown at [./src/hotspot/share/classfile/systemDictionary.cpp, line 231]
Event: 1.481 Thread 0x00000190c434d000 Implicit null exception at 0x00000190b70d0709 to 0x00000190b70d145c
Event: 1.483 Thread 0x00000190c434d000 Exception <a 'java/lang/ClassNotFoundException'{0x00000000eacff290}: com/sun/org/apache/xerces/internal/impl/msg/spi/XMLSerializerMessagesProvider> (0x00000000eacff290) thrown at [./src/hotspot/share/classfile/systemDictionary.cpp, line 231]
Event: 1.483 Thread 0x00000190c434d000 Exception <a 'java/lang/ClassNotFoundException'{0x00000000ead141e0}: com/sun/org/apache/xerces/internal/impl/msg/spi/XMLMessagesProvider> (0x00000000ead141e0) thrown at [./src/hotspot/share/classfile/systemDictionary.cpp, line 231]
Event: 2.051 Thread 0x00000190c434d000 Exception <a 'java/lang/ClassNotFoundException'{0x00000000eb2e0110}: com/sun/org/apache/xml/internal/serializer/spi/XMLEntitiesProvider> (0x00000000eb2e0110) thrown at [./src/hotspot/share/classfile/systemDictionary.cpp, line 231]
Event: 2.112 Thread 0x00000190c434d000 Exception <a 'java/io/FileNotFoundException'{0x00000000eb72e590}> (0x00000000eb72e590) thrown at [./src/hotspot/share/prims/jni.cpp, line 615]
Event: 2.120 Thread 0x00000190c434d000 Exception <a 'java/io/FileNotFoundException'{0x00000000eb799ea8}> (0x00000000eb799ea8) thrown at [./src/hotspot/share/prims/jni.cpp, line 615]
Event: 2.125 Thread 0x00000190c434d000 Exception <a 'java/io/FileNotFoundException'{0x00000000eb80f4f8}> (0x00000000eb80f4f8) thrown at [./src/hotspot/share/prims/jni.cpp, line 615]
Event: 2.269 Thread 0x00000190c4285800 Exception <a 'java/io/FileNotFoundException'{0x00000000eb009988}> (0x00000000eb009988) thrown at [./src/hotspot/share/prims/jni.cpp, line 615]
Event: 2.488 Thread 0x00000190c479f800 Exception <a 'java/io/FileNotFoundException'{0x00000000eb305438}> (0x00000000eb305438) thrown at [./src/hotspot/share/prims/jni.cpp, line 615]
Event: 2.488 Thread 0x00000190c479f800 Exception <a 'java/io/FileNotFoundException'{0x00000000eb307528}> (0x00000000eb307528) thrown at [./src/hotspot/share/prims/jni.cpp, line 615]
Event: 2.489 Thread 0x00000190c479f800 Exception <a 'java/lang/NoSuchMethodError'{0x00000000eb31b360}: 'void java.lang.invoke.DirectMethodHandle$Holder.invokeStaticInit(java.lang.Object, java.lang.Object, java.lang.Object)'> (0x00000000eb31b360) thrown at [./src/hotspot/share/interpreter/linkResolver.cpp, line 773]
Event: 2.772 Thread 0x00000190c4285800 Exception <a 'java/lang/NoSuchMethodError'{0x00000000eac4a680}: 'java.lang.Object java.lang.invoke.DirectMethodHandle$Holder.invokeInterface(java.lang.Object, java.lang.Object, java.lang.Object)'> (0x00000000eac4a680) thrown at [./src/hotspot/share/interpreter/linkResolver.cpp, line 773]

Events (20 events):
Event: 2.781 Executing VM operation: RevokeBias done
Event: 2.784 Executing VM operation: RevokeBias
Event: 2.784 Executing VM operation: RevokeBias done
Event: 2.784 Executing VM operation: RevokeBias
Event: 2.784 Executing VM operation: RevokeBias done
Event: 2.784 Executing VM operation: RevokeBias
Event: 2.784 Executing VM operation: RevokeBias done
Event: 2.788 loading class org/eclipse/jdt/internal/compiler/problem/messages
Event: 2.788 loading class org/eclipse/jdt/internal/compiler/problem/messages done
Event: 2.792 loading class org/eclipse/jdt/internal/compiler/problem/messages_ko
Event: 2.792 loading class org/eclipse/jdt/internal/compiler/problem/messages_ko done
Event: 2.792 loading class org/eclipse/jdt/internal/compiler/problem/messages_ko_KR
Event: 2.792 loading class org/eclipse/jdt/internal/compiler/problem/messages_ko_KR done
Event: 2.883 Executing VM operation: Deoptimize
Event: 2.883 Executing VM operation: Deoptimize done
Event: 2.884 Executing VM operation: ParallelGCFailedAllocation
Event: 2.886 Executing VM operation: ParallelGCFailedAllocation done
Event: 2.893 Executing VM operation: CollectForMetadataAllocation
Event: 3.025 Executing VM operation: CollectForMetadataAllocation done
Event: 3.025 Executing VM operation: RevokeBias


Dynamic libraries:
0x00007ff6ed4e0000 - 0x00007ff6ed4ed000 	C:\Program Files\Eclipse Foundation\jdk-11.0.12.7-hotspot\bin\java.exe
0x00007ffd72710000 - 0x00007ffd72905000 	C:\WINDOWS\SYSTEM32\ntdll.dll
0x00007ffd70760000 - 0x00007ffd7081e000 	C:\WINDOWS\System32\KERNEL32.DLL
0x00007ffd70310000 - 0x00007ffd705d9000 	C:\WINDOWS\System32\KERNELBASE.dll
0x00007ffd70660000 - 0x00007ffd70760000 	C:\WINDOWS\System32\ucrtbase.dll
0x00007ffd66d50000 - 0x00007ffd66d65000 	C:\Program Files\Eclipse Foundation\jdk-11.0.12.7-hotspot\bin\VCRUNTIME140.dll
0x00007ffd67050000 - 0x00007ffd67067000 	C:\Program Files\Eclipse Foundation\jdk-11.0.12.7-hotspot\bin\jli.dll
0x00007ffd72440000 - 0x00007ffd725e1000 	C:\WINDOWS\System32\USER32.dll
0x00007ffd705e0000 - 0x00007ffd70602000 	C:\WINDOWS\System32\win32u.dll
0x00007ffd726a0000 - 0x00007ffd726cb000 	C:\WINDOWS\System32\GDI32.dll
0x00007ffd6ff90000 - 0x00007ffd7009b000 	C:\WINDOWS\System32\gdi32full.dll
0x00007ffd70150000 - 0x00007ffd701ed000 	C:\WINDOWS\System32\msvcp_win.dll
0x00007ffd5eb90000 - 0x00007ffd5ee2a000 	C:\WINDOWS\WinSxS\amd64_microsoft.windows.common-controls_6595b64144ccf1df_6.0.19041.1110_none_60b5254171f9507e\COMCTL32.dll
0x00007ffd72170000 - 0x00007ffd7220e000 	C:\WINDOWS\System32\msvcrt.dll
0x00007ffd723f0000 - 0x00007ffd72420000 	C:\WINDOWS\System32\IMM32.DLL
0x00007ffd167a0000 - 0x00007ffd1683b000 	C:\Program Files\Eclipse Foundation\jdk-11.0.12.7-hotspot\bin\msvcp140.dll
0x00007ffd07ec0000 - 0x00007ffd08a19000 	C:\Program Files\Eclipse Foundation\jdk-11.0.12.7-hotspot\bin\server\jvm.dll
0x00007ffd71c70000 - 0x00007ffd71d1c000 	C:\WINDOWS\System32\ADVAPI32.dll
0x00007ffd71bd0000 - 0x00007ffd71c6b000 	C:\WINDOWS\System32\sechost.dll
0x00007ffd72210000 - 0x00007ffd7233a000 	C:\WINDOWS\System32\RPCRT4.dll
0x00007ffd71d20000 - 0x00007ffd71d28000 	C:\WINDOWS\System32\PSAPI.DLL
0x00007ffd62fc0000 - 0x00007ffd62fe7000 	C:\WINDOWS\SYSTEM32\WINMM.dll
0x00007ffd6a600000 - 0x00007ffd6a60a000 	C:\WINDOWS\SYSTEM32\VERSION.dll
0x00007ffd5d550000 - 0x00007ffd5d559000 	C:\WINDOWS\SYSTEM32\WSOCK32.dll
0x00007ffd713e0000 - 0x00007ffd7144b000 	C:\WINDOWS\System32\WS2_32.dll
0x00007ffd6dc70000 - 0x00007ffd6dc82000 	C:\WINDOWS\SYSTEM32\kernel.appcore.dll
0x00007ffd6bb80000 - 0x00007ffd6bb90000 	C:\Program Files\Eclipse Foundation\jdk-11.0.12.7-hotspot\bin\verify.dll
0x00007ffd5a3d0000 - 0x00007ffd5a5b4000 	C:\WINDOWS\SYSTEM32\DBGHELP.DLL
0x00007ffd5a3a0000 - 0x00007ffd5a3cc000 	C:\WINDOWS\SYSTEM32\dbgcore.DLL
0x00007ffd70220000 - 0x00007ffd702a3000 	C:\WINDOWS\System32\bcryptPrimitives.dll
0x00007ffd67360000 - 0x00007ffd67388000 	C:\Program Files\Eclipse Foundation\jdk-11.0.12.7-hotspot\bin\java.dll
0x00007ffd67350000 - 0x00007ffd6735a000 	C:\Program Files\Eclipse Foundation\jdk-11.0.12.7-hotspot\bin\jimage.dll
0x00007ffd67340000 - 0x00007ffd6734e000 	C:\Program Files\Eclipse Foundation\jdk-11.0.12.7-hotspot\bin\instrument.dll
0x00007ffd67030000 - 0x00007ffd67047000 	C:\Program Files\Eclipse Foundation\jdk-11.0.12.7-hotspot\bin\zip.dll
0x00007ffd70820000 - 0x00007ffd70f5f000 	C:\WINDOWS\System32\SHELL32.dll
0x00007ffd6df50000 - 0x00007ffd6e6e0000 	C:\WINDOWS\SYSTEM32\windows.storage.dll
0x00007ffd71d40000 - 0x00007ffd72095000 	C:\WINDOWS\System32\combase.dll
0x00007ffd6f880000 - 0x00007ffd6f8ac000 	C:\WINDOWS\SYSTEM32\Wldp.dll
0x00007ffd72340000 - 0x00007ffd723ed000 	C:\WINDOWS\System32\SHCORE.dll
0x00007ffd71820000 - 0x00007ffd71875000 	C:\WINDOWS\System32\shlwapi.dll
0x00007ffd6fd70000 - 0x00007ffd6fd8f000 	C:\WINDOWS\SYSTEM32\profapi.dll
0x00007ffd66fa0000 - 0x00007ffd66fb9000 	C:\Program Files\Eclipse Foundation\jdk-11.0.12.7-hotspot\bin\net.dll
0x00007ffd62280000 - 0x00007ffd62388000 	C:\WINDOWS\SYSTEM32\WINHTTP.dll
0x00007ffd6f5e0000 - 0x00007ffd6f64a000 	C:\WINDOWS\system32\mswsock.dll
0x00007ffd66f00000 - 0x00007ffd66f12000 	C:\Program Files\Eclipse Foundation\jdk-11.0.12.7-hotspot\bin\nio.dll
0x00007ffd6f7e0000 - 0x00007ffd6f7f8000 	C:\WINDOWS\SYSTEM32\CRYPTSP.dll
0x00007ffd6eef0000 - 0x00007ffd6ef24000 	C:\WINDOWS\system32\rsaenh.dll
0x00007ffd701f0000 - 0x00007ffd70217000 	C:\WINDOWS\System32\bcrypt.dll
0x00007ffd6fcf0000 - 0x00007ffd6fd1e000 	C:\WINDOWS\SYSTEM32\USERENV.dll
0x00007ffd6f7d0000 - 0x00007ffd6f7dc000 	C:\WINDOWS\SYSTEM32\CRYPTBASE.dll
0x00007ffd6f280000 - 0x00007ffd6f2bb000 	C:\WINDOWS\SYSTEM32\IPHLPAPI.DLL
0x00007ffd71d30000 - 0x00007ffd71d38000 	C:\WINDOWS\System32\NSI.dll
0x00007ffd6a580000 - 0x00007ffd6a597000 	C:\WINDOWS\SYSTEM32\dhcpcsvc6.DLL
0x00007ffd6a520000 - 0x00007ffd6a53d000 	C:\WINDOWS\SYSTEM32\dhcpcsvc.DLL
0x00007ffd6f2c0000 - 0x00007ffd6f38c000 	C:\WINDOWS\SYSTEM32\DNSAPI.dll
0x00007ffd5c710000 - 0x00007ffd5c74e000 	C:\Users\mooseong\AppData\Roaming\Code\User\globalStorage\redhat.java\1.0.0\config_ss_win\org.eclipse.equinox.launcher\org.eclipse.equinox.launcher.win32.win32.x86_64_1.2.400.v20210928-1041\eclipse_11600.dll
0x00007ffd71880000 - 0x00007ffd719aa000 	C:\WINDOWS\System32\ole32.dll
0x00007ffd674a0000 - 0x00007ffd674b1000 	C:\Users\mooseong\AppData\Roaming\Code\User\globalStorage\redhat.java\1.0.0\config_ss_win\org.eclipse.osgi\16\0\.cp\jWinHttp-1.0.0.dll

dbghelp: loaded successfully - version: 4.0.5 - missing functions: none
symbol engine: initialized successfully - sym options: 0x614 - pdb path: .;C:\Program Files\Eclipse Foundation\jdk-11.0.12.7-hotspot\bin;C:\WINDOWS\SYSTEM32;C:\WINDOWS\WinSxS\amd64_microsoft.windows.common-controls_6595b64144ccf1df_6.0.19041.1110_none_60b5254171f9507e;C:\Program Files\Eclipse Foundation\jdk-11.0.12.7-hotspot\bin\server;C:\Users\mooseong\AppData\Roaming\Code\User\globalStorage\redhat.java\1.0.0\config_ss_win\org.eclipse.equinox.launcher\org.eclipse.equinox.launcher.win32.win32.x86_64_1.2.400.v20210928-1041;C:\Users\mooseong\AppData\Roaming\Code\User\globalStorage\redhat.java\1.0.0\config_ss_win\org.eclipse.osgi\16\0\.cp

VM Arguments:
jvm_args: --add-modules=ALL-SYSTEM --add-opens=java.base/java.util=ALL-UNNAMED --add-opens=java.base/java.lang=ALL-UNNAMED -Declipse.application=org.eclipse.jdt.ls.core.id1 -Dosgi.bundles.defaultStartLevel=4 -Declipse.product=org.eclipse.jdt.ls.core.product -Dfile.encoding=utf8 -DwatchParentProcess=false -XX:+UseParallelGC -XX:GCTimeRatio=4 -XX:AdaptiveSizePolicyWeight=90 -Dsun.zip.disableMemoryMapping=true -Xmx1G -Xms100m -javaagent:c:\Users\mooseong\.vscode\extensions\gabrielbb.vscode-lombok-1.0.1\server\lombok.jar -Xverify:none 
java_command: c:\Users\mooseong\.vscode\extensions\redhat.java-1.0.0\server\plugins\org.eclipse.equinox.launcher_1.6.400.v20210924-0641.jar -configuration c:\Users\mooseong\AppData\Roaming\Code\User\globalStorage\redhat.java\1.0.0\config_ss_win -data c:\Users\mooseong\AppData\Roaming\Code\User\workspaceStorage\c0996810a8ba770114468f27bc398e51\redhat.java\ss_ws
java_class_path (initial): c:\Users\mooseong\.vscode\extensions\redhat.java-1.0.0\server\plugins\org.eclipse.equinox.launcher_1.6.400.v20210924-0641.jar
Launcher Type: SUN_STANDARD

[Global flags]
    uintx AdaptiveSizePolicyWeight                 = 90                                        {product} {command line}
     bool BytecodeVerificationLocal                = false                                     {product} {command line}
     bool BytecodeVerificationRemote               = false                                     {product} {command line}
     intx CICompilerCount                          = 4                                         {product} {ergonomic}
    uintx GCTimeRatio                              = 4                                         {product} {command line}
   size_t InitialHeapSize                          = 104857600                                 {product} {command line}
   size_t MaxHeapSize                              = 1073741824                                {product} {command line}
   size_t MaxNewSize                               = 357564416                                 {product} {ergonomic}
   size_t MinHeapDeltaBytes                        = 524288                                    {product} {ergonomic}
   size_t NewSize                                  = 34603008                                  {product} {ergonomic}
    uintx NonNMethodCodeHeapSize                   = 5836300                                {pd product} {ergonomic}
    uintx NonProfiledCodeHeapSize                  = 122910970                              {pd product} {ergonomic}
   size_t OldSize                                  = 70254592                                  {product} {ergonomic}
    uintx ProfiledCodeHeapSize                     = 122910970                              {pd product} {ergonomic}
    uintx ReservedCodeCacheSize                    = 251658240                              {pd product} {ergonomic}
     bool SegmentedCodeCache                       = true                                      {product} {ergonomic}
     bool UseCompressedClassPointers               = true                                 {lp64_product} {ergonomic}
     bool UseCompressedOops                        = true                                 {lp64_product} {ergonomic}
     bool UseLargePagesIndividualAllocation        = false                                  {pd product} {ergonomic}
     bool UseParallelGC                            = true                                      {product} {command line}

Logging:
Log output configuration:
 #0: stdout all=warning uptime,level,tags
 #1: stderr all=off uptime,level,tags

Environment Variables:
JAVA_HOME=C:\Program Files\Eclipse Foundation\jdk-11.0.12.7-hotspot\
PATH=C:\Program Files\Eclipse Foundation\jdk-11.0.12.7-hotspot\bin;C:\Program Files (x86)\Common Files\Oracle\Java\javapath;C:\Program Files (x86)\Common Files\Intel\Shared Libraries\redist\intel64\compiler;C:\Windows\system32;C:\Windows;C:\Windows\System32\Wbem;C:\Windows\System32\WindowsPowerShell\v1.0\;C:\Program Files (x86)\NVIDIA Corporation\PhysX\Common;C:\WINDOWS\system32;C:\WINDOWS;C:\WINDOWS\System32\Wbem;C:\WINDOWS\System32\WindowsPowerShell\v1.0\;C:\WINDOWS\System32\OpenSSH\;C:\Program Files\nodejs\;C:\Program Files\Git\cmd;C:\HashiCorp\Vagrant\bin;C:\Users\mooseong\AppData\Local\Microsoft\WindowsApps;C:\Users\mooseong\AppData\Local\GitHubDesktop\bin;C:\Users\mooseong\AppData\Roaming\npm
USERNAME=김무성
OS=Windows_NT
PROCESSOR_IDENTIFIER=Intel64 Family 6 Model 158 Stepping 10, GenuineIntel



---------------  S Y S T E M  ---------------

OS: Windows 10 , 64 bit Build 19041 (10.0.19041.1202)
OS uptime: 7 days 15:24 hours

CPU:total 12 (initial active 12) (6 cores per cpu, 2 threads per core) family 6 model 158 stepping 10 microcode 0xb4, cmov, cx8, fxsr, mmx, sse, sse2, sse3, ssse3, sse4.1, sse4.2, popcnt, avx, avx2, aes, clmul, erms, rtm, 3dnowpref, lzcnt, ht, tsc, tscinvbit, bmi1, bmi2, adx, fma

Memory: 4k page, system-wide physical 16344M (6560M free)
TotalPageFile size 20926M (AvailPageFile size 3208M)
current process WorkingSet (physical memory assigned to process): 154M, peak: 154M
current process commit charge ("private bytes"): 253M, peak: 258M

vm_info: OpenJDK 64-Bit Server VM (11.0.12+7) for windows-amd64 JRE (11.0.12+7), built on Jul 21 2021 16:23:49 by "" with unknown MS VC++:1916

END.
